        -:    0:Source:D:/Mi PC/Documents/UBA/AED1/TPI/test/costoSubsidioMejoraTEST.cpp
        -:    0:Graph:D:\Mi PC\Documents\UBA\AED1\TPI\cmake-build-debug\CMakeFiles\tpi.dir\test\costoSubsidioMejoraTEST.gcno
        -:    0:Data:D:\Mi PC\Documents\UBA\AED1\TPI\cmake-build-debug\CMakeFiles\tpi.dir\test\costoSubsidioMejoraTEST.gcda
        -:    0:Runs:1
        -:    0:Programs:1
        -:    1:#include "../definiciones.h"
        -:    2:#include "../Funciones_TPI.h"
        -:    3:#include "../ejercicios.h"
        -:    4:#include "../auxiliares.h"
        -:    5:#include "gtest/gtest.h"
        -:    6:#include <iostream>
        -:    7:#include <string>
        -:    8:
        -:    9:using namespace std;
        -:   10:
        -:   11:
        2:   12:TEST(costoSubsidioMejoraTEST, noHayCasas) {
        -:   13:    eph_h th = {
        -:   14:        {15726,2018,3,336630,646391,2,40,1,1,3,3,2},     // no es propia
        -:   15:        {188,2018,3,325187,635309,3,40,0,1,3,2,2},       // no es propia
        -:   16:        {8596,2018,3,336582,646678,2,40,1,1,1,1,2},      // alcanzan las habs
        -:   17:        {11867,2018,3,320329,630940,1,43,1,1,3,2,2}      // alcanzan las habs
        8:   18:    };
        -:   19:
        -:   20:    eph_i ti = {
        -:   21:        {15726,2018,1,0,3,2,50,1,3,10000,0},
        -:   22:        {15726,2018,2,0,3,1,47,1,3,10000,5},
        -:   23:        {15726,2018,3,0,3,1,27,1,1,18000,8},
        -:   24:        {15726,2018,4,0,3,1,26,1,3,16000,5},
        -:   25:        {15726,2018,5,0,3,2,19,0,0,0,10},
        -:   26:        {15726,2018,6,0,3,2,3,0,0,0,10},
        -:   27:        {188,2018,1,0,3,2,60,0,0,6000,10},
        -:   28:        {188,2018,2,0,3,1,71,0,0,7000,10},
        -:   29:        {188,2018,3,0,3,1,39,1,2,2000,9},
        -:   30:        {188,2018,4,0,3,1,36,0,0,0,10},
        -:   31:        {188,2018,5,0,3,1,29,1,2,1000,8},
        -:   32:        {188,2018,6,0,3,1,10,0,0,0,10},
        -:   33:        {8596,2018,1,0,3,2,56,1,3,18000,1},
        -:   34:        {11867,2018,2,1,3,1,26,1,3,21000,1},
        -:   35:        {11867,2018,3,0,3,2,22,0,2,20000,10}
       19:   36:    };
        -:   37:
        1:   38:    int monto = 10;
        -:   39:
        1:   40:    int res = costoSubsidioMejora(th, ti, monto);
        -:   41:
       1*:   42:    EXPECT_EQ(0, res);
        1:   43:}
------------------
_ZN39costoSubsidioMejoraTEST_noHayCasas_Test8TestBodyEv:
function _ZN39costoSubsidioMejoraTEST_noHayCasas_Test8TestBodyEv called 1 returned 100% blocks executed 37%
        1:   12:TEST(costoSubsidioMejoraTEST, noHayCasas) {
        -:   13:    eph_h th = {
        -:   14:        {15726,2018,3,336630,646391,2,40,1,1,3,3,2},     // no es propia
        -:   15:        {188,2018,3,325187,635309,3,40,0,1,3,2,2},       // no es propia
        -:   16:        {8596,2018,3,336582,646678,2,40,1,1,1,1,2},      // alcanzan las habs
        -:   17:        {11867,2018,3,320329,630940,1,43,1,1,3,2,2}      // alcanzan las habs
        8:   18:    };
        1:   18-block  0
call    0 returned 1
call    1 returned 1
branch  2 taken 1 (fallthrough)
branch  3 taken 0 (throw)
        1:   18-block  1
call    4 returned 1
call    5 returned 1
branch  6 taken 1 (fallthrough)
branch  7 taken 0 (throw)
        1:   18-block  2
call    8 returned 1
call    9 returned 1
branch 10 taken 1 (fallthrough)
branch 11 taken 0 (throw)
        1:   18-block  3
call   12 returned 1
call   13 returned 1
branch 14 taken 1 (fallthrough)
branch 15 taken 0 (throw)
        1:   18-block  4
call   16 returned 1
call   17 returned 1
branch 18 taken 1 (fallthrough)
branch 19 taken 0 (throw)
        4:   18-block  5
call   20 returned 4
        1:   18-block  6
call   21 returned 1
call   22 returned 1
call   23 returned 1
call   24 returned 1
call   25 returned 1
    $$$$$:   18-block  7
    $$$$$:   18-block  8
call   26 never executed
    $$$$$:   18-block  9
    $$$$$:   18-block 10
    $$$$$:   18-block 11
    $$$$$:   18-block 12
    $$$$$:   18-block 13
    $$$$$:   18-block 14
    $$$$$:   18-block 15
    $$$$$:   18-block 16
    $$$$$:   18-block 17
    $$$$$:   18-block 18
call   27 never executed
        -:   19:
        -:   20:    eph_i ti = {
        -:   21:        {15726,2018,1,0,3,2,50,1,3,10000,0},
        -:   22:        {15726,2018,2,0,3,1,47,1,3,10000,5},
        -:   23:        {15726,2018,3,0,3,1,27,1,1,18000,8},
        -:   24:        {15726,2018,4,0,3,1,26,1,3,16000,5},
        -:   25:        {15726,2018,5,0,3,2,19,0,0,0,10},
        -:   26:        {15726,2018,6,0,3,2,3,0,0,0,10},
        -:   27:        {188,2018,1,0,3,2,60,0,0,6000,10},
        -:   28:        {188,2018,2,0,3,1,71,0,0,7000,10},
        -:   29:        {188,2018,3,0,3,1,39,1,2,2000,9},
        -:   30:        {188,2018,4,0,3,1,36,0,0,0,10},
        -:   31:        {188,2018,5,0,3,1,29,1,2,1000,8},
        -:   32:        {188,2018,6,0,3,1,10,0,0,0,10},
        -:   33:        {8596,2018,1,0,3,2,56,1,3,18000,1},
        -:   34:        {11867,2018,2,1,3,1,26,1,3,21000,1},
        -:   35:        {11867,2018,3,0,3,2,22,0,2,20000,10}
       19:   36:    };
call    0 returned 1
call    1 returned 1
branch  2 taken 1 (fallthrough)
branch  3 taken 0 (throw)
        1:   36-block  0
call    4 returned 1
call    5 returned 1
branch  6 taken 1 (fallthrough)
branch  7 taken 0 (throw)
        1:   36-block  1
call    8 returned 1
call    9 returned 1
branch 10 taken 1 (fallthrough)
branch 11 taken 0 (throw)
        1:   36-block  2
call   12 returned 1
call   13 returned 1
branch 14 taken 1 (fallthrough)
branch 15 taken 0 (throw)
        1:   36-block  3
call   16 returned 1
call   17 returned 1
branch 18 taken 1 (fallthrough)
branch 19 taken 0 (throw)
        1:   36-block  4
call   20 returned 1
call   21 returned 1
branch 22 taken 1 (fallthrough)
branch 23 taken 0 (throw)
        1:   36-block  5
call   24 returned 1
call   25 returned 1
branch 26 taken 1 (fallthrough)
branch 27 taken 0 (throw)
        1:   36-block  6
call   28 returned 1
call   29 returned 1
branch 30 taken 1 (fallthrough)
branch 31 taken 0 (throw)
        1:   36-block  7
call   32 returned 1
call   33 returned 1
branch 34 taken 1 (fallthrough)
branch 35 taken 0 (throw)
        1:   36-block  8
call   36 returned 1
call   37 returned 1
branch 38 taken 1 (fallthrough)
branch 39 taken 0 (throw)
        1:   36-block  9
call   40 returned 1
call   41 returned 1
branch 42 taken 1 (fallthrough)
branch 43 taken 0 (throw)
        1:   36-block 10
call   44 returned 1
call   45 returned 1
branch 46 taken 1 (fallthrough)
branch 47 taken 0 (throw)
        1:   36-block 11
call   48 returned 1
call   49 returned 1
branch 50 taken 1 (fallthrough)
branch 51 taken 0 (throw)
        1:   36-block 12
call   52 returned 1
call   53 returned 1
branch 54 taken 1 (fallthrough)
branch 55 taken 0 (throw)
        1:   36-block 13
call   56 returned 1
call   57 returned 1
branch 58 taken 1 (fallthrough)
branch 59 taken 0 (throw)
        1:   36-block 14
call   60 returned 1
call   61 returned 1
branch 62 taken 1 (fallthrough)
branch 63 taken 0 (throw)
       15:   36-block 15
call   64 returned 15
        1:   36-block 16
call   65 returned 1
call   66 returned 1
call   67 returned 1
call   68 returned 1
call   69 returned 1
call   70 returned 1
call   71 returned 1
call   72 returned 1
call   73 returned 1
call   74 returned 1
call   75 returned 1
call   76 returned 1
call   77 returned 1
call   78 returned 1
call   79 returned 1
call   80 returned 1
    $$$$$:   36-block 17
    $$$$$:   36-block 18
call   81 never executed
    $$$$$:   36-block 19
    $$$$$:   36-block 20
    $$$$$:   36-block 21
    $$$$$:   36-block 22
    $$$$$:   36-block 23
    $$$$$:   36-block 24
    $$$$$:   36-block 25
    $$$$$:   36-block 26
    $$$$$:   36-block 27
    $$$$$:   36-block 28
    $$$$$:   36-block 29
    $$$$$:   36-block 30
    $$$$$:   36-block 31
    $$$$$:   36-block 32
    $$$$$:   36-block 33
    $$$$$:   36-block 34
    $$$$$:   36-block 35
    $$$$$:   36-block 36
    $$$$$:   36-block 37
    $$$$$:   36-block 38
    $$$$$:   36-block 39
    $$$$$:   36-block 40
    $$$$$:   36-block 41
    $$$$$:   36-block 42
    $$$$$:   36-block 43
    $$$$$:   36-block 44
    $$$$$:   36-block 45
    $$$$$:   36-block 46
    $$$$$:   36-block 47
    $$$$$:   36-block 48
    $$$$$:   36-block 49
    $$$$$:   36-block 50
call   82 never executed
        -:   37:
        1:   38:    int monto = 10;
        -:   39:
        1:   40:    int res = costoSubsidioMejora(th, ti, monto);
call    0 returned 1
branch  1 taken 1 (fallthrough)
branch  2 taken 0 (throw)
        1:   40-block  0
call    3 returned 1
branch  4 taken 1 (fallthrough)
branch  5 taken 0 (throw)
        1:   40-block  1
call    6 returned 1
branch  7 taken 1 (fallthrough)
branch  8 taken 0 (throw)
        1:   40-block  2
call    9 returned 1
call   10 returned 1
    $$$$$:   40-block  3
call   11 never executed
    $$$$$:   40-block  4
    $$$$$:   40-block  5
call   12 never executed
    $$$$$:   40-block  6
        -:   41:
       1*:   42:    EXPECT_EQ(0, res);
call    0 returned 1
branch  1 taken 1 (fallthrough)
branch  2 taken 0 (throw)
        1:   42-block  0
call    3 returned 1
branch  4 taken 0 (fallthrough)
branch  5 taken 1
    %%%%%:   42-block  1
call    6 never executed
branch  7 never executed
branch  8 never executed
    %%%%%:   42-block  2
call    9 never executed
branch 10 never executed
branch 11 never executed
    %%%%%:   42-block  3
call   12 never executed
branch 13 never executed
branch 14 never executed
    %%%%%:   42-block  4
call   15 never executed
branch 16 never executed
branch 17 never executed
    %%%%%:   42-block  5
call   18 never executed
call   19 never executed
        1:   42-block  6
call   20 returned 1
    $$$$$:   42-block  7
    $$$$$:   42-block  8
call   21 never executed
    $$$$$:   42-block  9
    $$$$$:   42-block 10
call   22 never executed
    $$$$$:   42-block 11
    $$$$$:   42-block 12
call   23 never executed
        1:   43:}
------------------
_ZN39costoSubsidioMejoraTEST_noHayCasas_TestC1Ev:
function _ZN39costoSubsidioMejoraTEST_noHayCasas_TestC1Ev called 1 returned 100% blocks executed 100%
        1:   12:TEST(costoSubsidioMejoraTEST, noHayCasas) {
        1:   12-block  0
call    0 returned 1
------------------
        -:   44:
        2:   45:TEST(costoSubsidioMejoraTEST, casoFacil) {
        -:   46:    eph_h th = {
        -:   47:        {15726,2018,3,336630,646391,1,40,1,1,3,3,2},     // propia, no alcanzan
        -:   48:        {188,2018,3,325187,635309,1,40,0,1,3,2,2},       // propia, no alcanzan
        -:   49:        {11867,2018,3,320329,630940,1,43,1,1,3,2,2},     // propia, alcanzan
        -:   50:        {14914,2018,3,321889,631412,2,43,0,2,3,1,2},     // no propia, no alcanzan
        8:   51:    };
        -:   52:
        -:   53:    eph_i ti = {
        -:   54:        {15726,2018,1,0,3,2,50,1,3,10000,0},
        -:   55:        {15726,2018,2,0,3,1,47,1,3,10000,5},
        -:   56:        {15726,2018,3,0,3,1,27,1,1,18000,8},
        -:   57:        {15726,2018,4,0,3,1,26,1,3,16000,5},
        -:   58:        {15726,2018,5,0,3,2,19,0,0,0,10},
        -:   59:        {15726,2018,6,0,3,2,3,0,0,0,10},
        -:   60:        {188,2018,1,0,3,2,60,0,0,6000,10},
        -:   61:        {188,2018,2,0,3,1,71,0,0,7000,10},
        -:   62:        {188,2018,3,0,3,1,39,1,2,2000,9},
        -:   63:        {188,2018,4,0,3,1,36,0,0,0,10},
        -:   64:        {188,2018,5,0,3,1,29,1,2,1000,8},
        -:   65:        {188,2018,6,0,3,1,10,0,0,0,10},
        -:   66:        {11867,2018,2,1,3,1,26,1,3,21000,1},
        -:   67:        {11867,2018,3,0,3,2,22,0,2,20000,10},
        -:   68:        {14914,2018,1,0,3,1,48,1,3,43000,1},
        -:   69:        {14914,2018,2,0,3,2,45,1,2,17000,6},
        -:   70:        {14914,2018,3,1,3,2,24,1,3,17000,1},
        -:   71:        {14914,2018,4,0,3,2,17,0,0,0,10}
       22:   72:    };
        -:   73:
        1:   74:    int monto = 8;
        -:   75:
        1:   76:    int res = costoSubsidioMejora(th, ti, monto);
        -:   77:
       1*:   78:    EXPECT_EQ(2*monto, res);
        1:   79:}
------------------
_ZN38costoSubsidioMejoraTEST_casoFacil_Test8TestBodyEv:
function _ZN38costoSubsidioMejoraTEST_casoFacil_Test8TestBodyEv called 1 returned 100% blocks executed 37%
        1:   45:TEST(costoSubsidioMejoraTEST, casoFacil) {
        -:   46:    eph_h th = {
        -:   47:        {15726,2018,3,336630,646391,1,40,1,1,3,3,2},     // propia, no alcanzan
        -:   48:        {188,2018,3,325187,635309,1,40,0,1,3,2,2},       // propia, no alcanzan
        -:   49:        {11867,2018,3,320329,630940,1,43,1,1,3,2,2},     // propia, alcanzan
        -:   50:        {14914,2018,3,321889,631412,2,43,0,2,3,1,2},     // no propia, no alcanzan
        8:   51:    };
        1:   51-block  0
call    0 returned 1
call    1 returned 1
branch  2 taken 1 (fallthrough)
branch  3 taken 0 (throw)
        1:   51-block  1
call    4 returned 1
call    5 returned 1
branch  6 taken 1 (fallthrough)
branch  7 taken 0 (throw)
        1:   51-block  2
call    8 returned 1
call    9 returned 1
branch 10 taken 1 (fallthrough)
branch 11 taken 0 (throw)
        1:   51-block  3
call   12 returned 1
call   13 returned 1
branch 14 taken 1 (fallthrough)
branch 15 taken 0 (throw)
        1:   51-block  4
call   16 returned 1
call   17 returned 1
branch 18 taken 1 (fallthrough)
branch 19 taken 0 (throw)
        4:   51-block  5
call   20 returned 4
        1:   51-block  6
call   21 returned 1
call   22 returned 1
call   23 returned 1
call   24 returned 1
call   25 returned 1
    $$$$$:   51-block  7
    $$$$$:   51-block  8
call   26 never executed
    $$$$$:   51-block  9
    $$$$$:   51-block 10
    $$$$$:   51-block 11
    $$$$$:   51-block 12
    $$$$$:   51-block 13
    $$$$$:   51-block 14
    $$$$$:   51-block 15
    $$$$$:   51-block 16
    $$$$$:   51-block 17
    $$$$$:   51-block 18
call   27 never executed
        -:   52:
        -:   53:    eph_i ti = {
        -:   54:        {15726,2018,1,0,3,2,50,1,3,10000,0},
        -:   55:        {15726,2018,2,0,3,1,47,1,3,10000,5},
        -:   56:        {15726,2018,3,0,3,1,27,1,1,18000,8},
        -:   57:        {15726,2018,4,0,3,1,26,1,3,16000,5},
        -:   58:        {15726,2018,5,0,3,2,19,0,0,0,10},
        -:   59:        {15726,2018,6,0,3,2,3,0,0,0,10},
        -:   60:        {188,2018,1,0,3,2,60,0,0,6000,10},
        -:   61:        {188,2018,2,0,3,1,71,0,0,7000,10},
        -:   62:        {188,2018,3,0,3,1,39,1,2,2000,9},
        -:   63:        {188,2018,4,0,3,1,36,0,0,0,10},
        -:   64:        {188,2018,5,0,3,1,29,1,2,1000,8},
        -:   65:        {188,2018,6,0,3,1,10,0,0,0,10},
        -:   66:        {11867,2018,2,1,3,1,26,1,3,21000,1},
        -:   67:        {11867,2018,3,0,3,2,22,0,2,20000,10},
        -:   68:        {14914,2018,1,0,3,1,48,1,3,43000,1},
        -:   69:        {14914,2018,2,0,3,2,45,1,2,17000,6},
        -:   70:        {14914,2018,3,1,3,2,24,1,3,17000,1},
        -:   71:        {14914,2018,4,0,3,2,17,0,0,0,10}
       22:   72:    };
call    0 returned 1
call    1 returned 1
branch  2 taken 1 (fallthrough)
branch  3 taken 0 (throw)
        1:   72-block  0
call    4 returned 1
call    5 returned 1
branch  6 taken 1 (fallthrough)
branch  7 taken 0 (throw)
        1:   72-block  1
call    8 returned 1
call    9 returned 1
branch 10 taken 1 (fallthrough)
branch 11 taken 0 (throw)
        1:   72-block  2
call   12 returned 1
call   13 returned 1
branch 14 taken 1 (fallthrough)
branch 15 taken 0 (throw)
        1:   72-block  3
call   16 returned 1
call   17 returned 1
branch 18 taken 1 (fallthrough)
branch 19 taken 0 (throw)
        1:   72-block  4
call   20 returned 1
call   21 returned 1
branch 22 taken 1 (fallthrough)
branch 23 taken 0 (throw)
        1:   72-block  5
call   24 returned 1
call   25 returned 1
branch 26 taken 1 (fallthrough)
branch 27 taken 0 (throw)
        1:   72-block  6
call   28 returned 1
call   29 returned 1
branch 30 taken 1 (fallthrough)
branch 31 taken 0 (throw)
        1:   72-block  7
call   32 returned 1
call   33 returned 1
branch 34 taken 1 (fallthrough)
branch 35 taken 0 (throw)
        1:   72-block  8
call   36 returned 1
call   37 returned 1
branch 38 taken 1 (fallthrough)
branch 39 taken 0 (throw)
        1:   72-block  9
call   40 returned 1
call   41 returned 1
branch 42 taken 1 (fallthrough)
branch 43 taken 0 (throw)
        1:   72-block 10
call   44 returned 1
call   45 returned 1
branch 46 taken 1 (fallthrough)
branch 47 taken 0 (throw)
        1:   72-block 11
call   48 returned 1
call   49 returned 1
branch 50 taken 1 (fallthrough)
branch 51 taken 0 (throw)
        1:   72-block 12
call   52 returned 1
call   53 returned 1
branch 54 taken 1 (fallthrough)
branch 55 taken 0 (throw)
        1:   72-block 13
call   56 returned 1
call   57 returned 1
branch 58 taken 1 (fallthrough)
branch 59 taken 0 (throw)
        1:   72-block 14
call   60 returned 1
call   61 returned 1
branch 62 taken 1 (fallthrough)
branch 63 taken 0 (throw)
        1:   72-block 15
call   64 returned 1
call   65 returned 1
branch 66 taken 1 (fallthrough)
branch 67 taken 0 (throw)
        1:   72-block 16
call   68 returned 1
call   69 returned 1
branch 70 taken 1 (fallthrough)
branch 71 taken 0 (throw)
        1:   72-block 17
call   72 returned 1
call   73 returned 1
branch 74 taken 1 (fallthrough)
branch 75 taken 0 (throw)
       18:   72-block 18
call   76 returned 18
        1:   72-block 19
call   77 returned 1
call   78 returned 1
call   79 returned 1
call   80 returned 1
call   81 returned 1
call   82 returned 1
call   83 returned 1
call   84 returned 1
call   85 returned 1
call   86 returned 1
call   87 returned 1
call   88 returned 1
call   89 returned 1
call   90 returned 1
call   91 returned 1
call   92 returned 1
call   93 returned 1
call   94 returned 1
call   95 returned 1
    $$$$$:   72-block 20
    $$$$$:   72-block 21
call   96 never executed
    $$$$$:   72-block 22
    $$$$$:   72-block 23
    $$$$$:   72-block 24
    $$$$$:   72-block 25
    $$$$$:   72-block 26
    $$$$$:   72-block 27
    $$$$$:   72-block 28
    $$$$$:   72-block 29
    $$$$$:   72-block 30
    $$$$$:   72-block 31
    $$$$$:   72-block 32
    $$$$$:   72-block 33
    $$$$$:   72-block 34
    $$$$$:   72-block 35
    $$$$$:   72-block 36
    $$$$$:   72-block 37
    $$$$$:   72-block 38
    $$$$$:   72-block 39
    $$$$$:   72-block 40
    $$$$$:   72-block 41
    $$$$$:   72-block 42
    $$$$$:   72-block 43
    $$$$$:   72-block 44
    $$$$$:   72-block 45
    $$$$$:   72-block 46
    $$$$$:   72-block 47
    $$$$$:   72-block 48
    $$$$$:   72-block 49
    $$$$$:   72-block 50
    $$$$$:   72-block 51
    $$$$$:   72-block 52
    $$$$$:   72-block 53
    $$$$$:   72-block 54
    $$$$$:   72-block 55
    $$$$$:   72-block 56
    $$$$$:   72-block 57
    $$$$$:   72-block 58
    $$$$$:   72-block 59
call   97 never executed
        -:   73:
        1:   74:    int monto = 8;
        -:   75:
        1:   76:    int res = costoSubsidioMejora(th, ti, monto);
call    0 returned 1
branch  1 taken 1 (fallthrough)
branch  2 taken 0 (throw)
        1:   76-block  0
call    3 returned 1
branch  4 taken 1 (fallthrough)
branch  5 taken 0 (throw)
        1:   76-block  1
call    6 returned 1
branch  7 taken 1 (fallthrough)
branch  8 taken 0 (throw)
        1:   76-block  2
call    9 returned 1
call   10 returned 1
    $$$$$:   76-block  3
call   11 never executed
    $$$$$:   76-block  4
    $$$$$:   76-block  5
call   12 never executed
    $$$$$:   76-block  6
        -:   77:
       1*:   78:    EXPECT_EQ(2*monto, res);
call    0 returned 1
branch  1 taken 1 (fallthrough)
branch  2 taken 0 (throw)
        1:   78-block  0
call    3 returned 1
branch  4 taken 0 (fallthrough)
branch  5 taken 1
    %%%%%:   78-block  1
call    6 never executed
branch  7 never executed
branch  8 never executed
    %%%%%:   78-block  2
call    9 never executed
branch 10 never executed
branch 11 never executed
    %%%%%:   78-block  3
call   12 never executed
branch 13 never executed
branch 14 never executed
    %%%%%:   78-block  4
call   15 never executed
branch 16 never executed
branch 17 never executed
    %%%%%:   78-block  5
call   18 never executed
call   19 never executed
        1:   78-block  6
call   20 returned 1
    $$$$$:   78-block  7
    $$$$$:   78-block  8
call   21 never executed
    $$$$$:   78-block  9
    $$$$$:   78-block 10
call   22 never executed
    $$$$$:   78-block 11
    $$$$$:   78-block 12
call   23 never executed
        1:   79:}
------------------
_ZN38costoSubsidioMejoraTEST_casoFacil_TestC1Ev:
function _ZN38costoSubsidioMejoraTEST_casoFacil_TestC1Ev called 1 returned 100% blocks executed 100%
        1:   45:TEST(costoSubsidioMejoraTEST, casoFacil) {
        1:   45-block  0
call    0 returned 1
------------------
