        -:    0:Source:D:/Mi PC/Documents/UBA/AED1/TPI/ejercicios.cpp
        -:    0:Graph:D:\Mi PC\Documents\UBA\AED1\TPI\cmake-build-debug\CMakeFiles\tpi.dir\ejercicios.gcno
        -:    0:Data:D:\Mi PC\Documents\UBA\AED1\TPI\cmake-build-debug\CMakeFiles\tpi.dir\ejercicios.gcda
        -:    0:Runs:1
        -:    0:Programs:1
        -:    1:#include "ejercicios.h"
        -:    2:#include "auxiliares.h"
        -:    3:#include "definiciones.h"
        -:    4:
        -:    5:using namespace std;
        -:    6:// Implementacion Problema 1
function _Z16esEncuestaValidaSt6vectorIS_IiSaIiEESaIS1_EES3_ called 38 returned 100% blocks executed 67%
       38:    7:bool esEncuestaValida ( eph_h th, eph_i ti ) {
       38:    8:	bool resp = false;
       38:    9:    if( esValida(th,ti) ){
       38:    9-block  0
call    0 returned 38
call    1 returned 38
branch  2 taken 38 (fallthrough)
branch  3 taken 0 (throw)
       38:    9-block  1
call    4 returned 38
branch  5 taken 38 (fallthrough)
branch  6 taken 0 (throw)
       38:    9-block  2
call    7 returned 38
call    8 returned 38
branch  9 taken 11 (fallthrough)
branch 10 taken 27
    $$$$$:    9-block  3
call   11 never executed
    $$$$$:    9-block  4
    $$$$$:    9-block  5
call   12 never executed
       11:   10:        resp=true;
       11:   10-block  0
        -:   11:    }
        -:   12:	// TODO
       38:   13:	return resp;
       38:   13-block  0
       38:   13-block  1
        -:   14:}
        -:   15:
        -:   16:// Implementacion Problema 2
function _Z16histHabitacionalSt6vectorIS_IiSaIiEESaIS1_EES3_i called 4 returned 100% blocks executed 72%
        4:   17:vector < int > histHabitacional ( eph_h th, eph_i ti, int region ) {
        4:   18:	vector < int > resultado; /*= {-1, -1, -1, -1, -1, -1};*/
        4:   18-block  0
call    0 returned 4
        4:   19:    longitudIgualAMaximaCantidadHabitaciones(th,region,resultado);
call    0 returned 4
branch  1 taken 4 (fallthrough)
branch  2 taken 0 (throw)
        4:   19-block  0
call    3 returned 4
branch  4 taken 4 (fallthrough)
branch  5 taken 0 (throw)
        4:   19-block  1
call    6 returned 4
    $$$$$:   19-block  2
call    7 never executed
    $$$$$:   19-block  3
        4:   20:    int j=0;
      311:   21:    while(j<th.size()){
      311:   21-block  0
call    0 returned 311
branch  1 taken 307 (fallthrough)
branch  2 taken 4
      307:   22:        if(j<resultado.size()){
      307:   22-block  0
call    0 returned 307
branch  1 taken 19 (fallthrough)
branch  2 taken 288
       19:   23:            resultado[j]=cantHogaresCasaConNHabitaciones(th, region, j + 1);
       19:   23-block  0
call    0 returned 19
branch  1 taken 19 (fallthrough)
branch  2 taken 0 (throw)
       19:   23-block  1
call    3 returned 19
call    4 returned 19
branch  5 taken 19 (fallthrough)
branch  6 taken 0 (throw)
       19:   23-block  2
call    7 returned 19
    $$$$$:   23-block  3
call    8 never executed
    $$$$$:   23-block  4
        -:   24:        }
      307:   25:        j++;
      307:   25-block  0
        -:   26:    }
        -:   27:	// TODO
        4:   28:	return resultado;
        4:   28-block  0
        4:   28-block  1
        -:   29:}
        -:   30:
        -:   31:// Implementacion Problema 3
function _Z23laCasaEstaQuedandoChicaSt6vectorIS_IiSaIiEESaIS1_EES3_ called 3 returned 100% blocks executed 59%
        3:   32:vector< pair < int, float > > laCasaEstaQuedandoChica ( eph_h th, eph_i ti ) {
        3:   33:    int uno = 1;
        -:   34:    vector<pair<int,float>> resp = {make_pair(1,-1.0),
        -:   35:                                        make_pair(40, -1.0),
        -:   36:                                        make_pair(41, -1.0),
        -:   37:                                        make_pair(42,-1.0),
        -:   38:                                        make_pair(43,-1.0),
        3:   39:                                        make_pair(44,-1.0)};
        3:   39-block  0
call    0 returned 3
call    1 returned 3
branch  2 taken 3 (fallthrough)
branch  3 taken 0 (throw)
    $$$$$:   39-block  1
    $$$$$:   39-block  2
call    4 never executed
        -:   40:
       21:   41:    for (int k=0;k<resp.size();k++){
       21:   41-block  0
call    0 returned 21
branch  1 taken 18 (fallthrough)
branch  2 taken 3
       18:   42:        resp[k].second=proporcionDeCasasConHC(th,ti,resp[k].first);
       18:   42-block  0
call    0 returned 18
call    1 returned 18
branch  2 taken 18 (fallthrough)
branch  3 taken 0 (throw)
       18:   42-block  1
call    4 returned 18
branch  5 taken 18 (fallthrough)
branch  6 taken 0 (throw)
       18:   42-block  2
call    7 returned 18
call    8 returned 18
branch  9 taken 18 (fallthrough)
branch 10 taken 0 (throw)
       18:   42-block  3
call   11 returned 18
call   12 returned 18
    $$$$$:   42-block  4
call   13 never executed
    $$$$$:   42-block  5
    $$$$$:   42-block  6
call   14 never executed
    $$$$$:   42-block  7
        -:   43:    }
        -:   44:    // TODO
        3:   45:  return resp;
        3:   45-block  0
        3:   45-block  1
        -:   46:}
        -:   47:
        -:   48:// Implementacion Problema 4
function _Z35creceElTeleworkingEnCiudadesGrandesSt6vectorIS_IiSaIiEESaIS1_EES3_S3_S3_ called 3 returned 100% blocks executed 58%
        3:   49:bool creceElTeleworkingEnCiudadesGrandes ( eph_h t1h, eph_i t1i, eph_h t2h, eph_i t2i ) {
        3:   50:	bool resp = false;
        3:   51:    if(proporcionTeleworking(t2h,t2i)>proporcionTeleworking(t1h,t1i) ){
        3:   51-block  0
call    0 returned 3
call    1 returned 3
branch  2 taken 3 (fallthrough)
branch  3 taken 0 (throw)
        3:   51-block  1
call    4 returned 3
branch  5 taken 3 (fallthrough)
branch  6 taken 0 (throw)
        3:   51-block  2
call    7 returned 3
branch  8 taken 3 (fallthrough)
branch  9 taken 0 (throw)
        3:   51-block  3
call   10 returned 3
branch 11 taken 3 (fallthrough)
branch 12 taken 0 (throw)
        3:   51-block  4
call   13 returned 3
branch 14 taken 3 (fallthrough)
branch 15 taken 0 (throw)
        3:   51-block  5
call   16 returned 3
call   17 returned 3
call   18 returned 3
call   19 returned 3
branch 20 taken 2 (fallthrough)
branch 21 taken 1
    $$$$$:   51-block  6
call   22 never executed
    $$$$$:   51-block  7
    $$$$$:   51-block  8
call   23 never executed
    $$$$$:   51-block  9
    $$$$$:   51-block 10
call   24 never executed
    $$$$$:   51-block 11
    $$$$$:   51-block 12
call   25 never executed
        2:   52:        resp=true;
        2:   52-block  0
        -:   53:    }
        -:   54:	// TODO
        -:   55:	
        3:   56:  return  resp;
        3:   56-block  0
        3:   56-block  1
        -:   57:}
        -:   58:
        -:   59:// Implementacion Problema 5
function _Z19costoSubsidioMejoraSt6vectorIS_IiSaIiEESaIS1_EES3_i called 2 returned 100% blocks executed 77%
        2:   60:int costoSubsidioMejora( eph_h th, eph_i ti, int monto ){
        2:   61:	int resp =0;
        -:   62:
       10:   63:    for (int i=0;i<th.size();i++){
        2:   63-block  0
       10:   63-block  1
call    0 returned 10
branch  1 taken 8 (fallthrough)
branch  2 taken 2
        8:   63-block  2
        8:   64:        if(th[i][II7]==1 && tieneCasaChica(th[i],ti)){
        8:   64-block  0
call    0 returned 8
call    1 returned 8
branch  2 taken 4 (fallthrough)
branch  3 taken 4
        4:   64-block  1
call    4 returned 4
branch  5 taken 4 (fallthrough)
branch  6 taken 0 (throw)
        4:   64-block  2
call    7 returned 4
call    8 returned 4
branch  9 taken 4 (fallthrough)
branch 10 taken 0 (throw)
        4:   64-block  3
call   11 returned 4
branch 12 taken 4 (fallthrough)
branch 13 taken 0 (throw)
        4:   64-block  4
branch 14 taken 2 (fallthrough)
branch 15 taken 2
        2:   64-block  5
        6:   64-block  6
        8:   64-block  7
branch 16 taken 4 (fallthrough)
branch 17 taken 4
        4:   64-block  8
call   18 returned 4
        8:   64-block  9
branch 19 taken 4 (fallthrough)
branch 20 taken 4
        4:   64-block 10
call   21 returned 4
        8:   64-block 11
branch 22 taken 2 (fallthrough)
branch 23 taken 6
    $$$$$:   64-block 12
branch 24 never executed
branch 25 never executed
    $$$$$:   64-block 13
call   26 never executed
    $$$$$:   64-block 14
    $$$$$:   64-block 15
branch 27 never executed
branch 28 never executed
    $$$$$:   64-block 16
call   29 never executed
        2:   65:            resp+=monto;
        2:   65-block  0
        -:   66:        }
        -:   67:    }
        -:   68:	// TODO
        -:   69:
        2:   70:  return  resp;
        2:   70-block  0
        2:   70-block  1
        -:   71:}
        -:   72:
        -:   73:// Implementacion Problema 6
function _Z11generarJoinSt6vectorIS_IiSaIiEESaIS1_EES3_ called 1 returned 100% blocks executed 77%
        1:   74:join_hi generarJoin( eph_h th, eph_i ti ){
        2:   75:    hogar h = {};
        1:   75-block  0
call    0 returned 1
call    1 returned 1
    $$$$$:   75-block  1
call    2 never executed
        2:   76:    individuo i = {};
call    0 returned 1
        1:   76-block  0
call    1 returned 1
    $$$$$:   76-block  1
call    2 never executed
        1:   77:	join_hi resp = {};
call    0 returned 1
        5:   78:    for(int k=0;k<th.size();k++){
        5:   78-block  0
call    0 returned 5
branch  1 taken 4 (fallthrough)
branch  2 taken 1
        4:   78-block  1
       36:   79:        for(int j=0;j<ti.size();j++){
        4:   79-block  0
       36:   79-block  1
call    0 returned 36
branch  1 taken 32 (fallthrough)
branch  2 taken 4
       32:   79-block  2
       32:   80:            if (th[k][HOGCODUSU]==ti[j][INDCODUSU]){
       32:   80-block  0
call    0 returned 32
call    1 returned 32
call    2 returned 32
call    3 returned 32
branch  4 taken 8 (fallthrough)
branch  5 taken 24
        8:   81:                h = th[k];
        8:   81-block  0
call    0 returned 8
call    1 returned 8
branch  2 taken 8 (fallthrough)
branch  3 taken 0 (throw)
        8:   82:                i = ti[j];
        8:   82-block  0
call    0 returned 8
call    1 returned 8
branch  2 taken 8 (fallthrough)
branch  3 taken 0 (throw)
        8:   83:                resp.push_back(make_pair(h,i));
        8:   83-block  0
call    0 returned 8
branch  1 taken 8 (fallthrough)
branch  2 taken 0 (throw)
        8:   83-block  1
call    3 returned 8
branch  4 taken 8 (fallthrough)
branch  5 taken 0 (throw)
        8:   83-block  2
call    6 returned 8
    $$$$$:   83-block  3
call    7 never executed
    $$$$$:   83-block  4
        -:   84:            }
        -:   85:        }
        -:   86:    }
        -:   87:
        -:   88:	// TODO
        -:   89:	
        2:   90:  return  resp;
        1:   90-block  0
        1:   90-block  1
        -:   91:}
        -:   92:
        -:   93:// Implementacion Problema 7
function _Z20ordenarRegionYCODUSURSt6vectorIS_IiSaIiEESaIS1_EES4_ called 2 returned 100% blocks executed 100%
        2:   94:void ordenarRegionYCODUSU (eph_h & th, eph_i & ti) {
        2:   95:    insertionSortRegion(th);
        2:   95-block  0
call    0 returned 2
        2:   96:    insertionSortCodusuEnRegion(th);
call    0 returned 2
        -:   97:
        2:   98:    insertionSortCodusu(th,ti);
call    0 returned 2
        2:   99:    insertionSortComponenteEnCodusu(ti);
call    0 returned 2
        -:  100:
        -:  101:
        -:  102:	// TODO
        -:  103:	
        2:  104:	return;
        -:  105:}
        -:  106:
        -:  107:// Implementacion Problema 8
function _Z16muestraHomogeneaRSt6vectorIS_IiSaIiEESaIS1_EES4_ called 2 returned 100% blocks executed 57%
        2:  108:vector < hogar > muestraHomogenea( eph_h & th, eph_i & ti ){
        4:  109:    hogar h = {};
        2:  109-block  0
call    0 returned 2
        2:  109-block  1
call    1 returned 2
    $$$$$:  109-block  2
call    2 never executed
        6:  110:    vector < hogar > resp = {h};
call    0 returned 2
branch  1 taken 2 (fallthrough)
branch  2 taken 0 (throw)
        2:  110-block  0
call    3 returned 2
call    4 returned 2
branch  5 taken 2 (fallthrough)
branch  6 taken 0 (throw)
        2:  110-block  1
call    7 returned 2
    $$$$$:  110-block  2
    $$$$$:  110-block  3
call    8 never executed
    $$$$$:  110-block  4
        -:  111:
        -:  112:    // TODO
        -:  113:
        4:  114:    return  resp;
        2:  114-block  0
        2:  114-block  1
        -:  115:}
        -:  116:
        -:  117:// Implementacion Problema 9
function _Z14corregirRegionRSt6vectorIS_IiSaIiEESaIS1_EES3_ called 1 returned 100% blocks executed 100%
        1:  118:void corregirRegion( eph_h & th, eph_i ti ) {
        -:  119:	
        -:  120:	// TODO
        -:  121:	
        1:  122:	return;
        1:  122-block  0
        -:  123:}
        -:  124:
        -:  125:// Implementacion Problema 10
function _Z31histogramaDeAnillosConcentricosSt6vectorIS_IiSaIiEESaIS1_EES3_St4pairIiiES1_ called 2 returned 100% blocks executed 100%
        2:  126:vector < int > histogramaDeAnillosConcentricos( eph_h th, eph_i ti, pair < int, int > centro, vector < int > distancias ){
        2:  127:	vector < int > resp = {};
        2:  127-block  0
call    0 returned 2
        -:  128:	
        -:  129:	// TODO
        -:  130:	
        2:  131:	return resp;
        -:  132:}
        -:  133:
        -:  134:// Implementacion Problema 11
function _Z16quitarIndividuosRSt6vectorIS_IiSaIiEESaIS1_EES4_S_ISt4pairIiiESaIS6_EE called 2 returned 100% blocks executed 45%
        2:  135:pair < eph_h, eph_i > quitarIndividuos(eph_i & ti, eph_h & th, vector < pair < int, dato > >  busqueda ){
       10:  136:    eph_h rth = {{-1, -1, -1, -1, -1, -1, -1, -1, -1, -1, -1, -1}};
        2:  136-block  0
call    0 returned 2
call    1 returned 2
branch  2 taken 2 (fallthrough)
branch  3 taken 0 (throw)
        2:  136-block  1
call    4 returned 2
call    5 returned 2
branch  6 taken 2 (fallthrough)
branch  7 taken 0 (throw)
        2:  136-block  2
call    8 returned 2
        2:  136-block  3
call    9 returned 2
call   10 returned 2
    $$$$$:  136-block  4
    $$$$$:  136-block  5
call   11 never executed
    $$$$$:  136-block  6
    $$$$$:  136-block  7
    $$$$$:  136-block  8
    $$$$$:  136-block  9
call   12 never executed
       10:  137:    eph_i rti = {{-1, -1, -1, -1, -1, -1, -1, -1, -1, -1, -1}};
call    0 returned 2
call    1 returned 2
branch  2 taken 2 (fallthrough)
branch  3 taken 0 (throw)
        2:  137-block  0
call    4 returned 2
call    5 returned 2
branch  6 taken 2 (fallthrough)
branch  7 taken 0 (throw)
        2:  137-block  1
call    8 returned 2
        2:  137-block  2
call    9 returned 2
        2:  137-block  3
call   10 returned 2
    $$$$$:  137-block  4
    $$$$$:  137-block  5
call   11 never executed
    $$$$$:  137-block  6
    $$$$$:  137-block  7
    $$$$$:  137-block  8
    $$$$$:  137-block  9
call   12 never executed
        2:  138:    pair < eph_h, eph_i > resp = make_pair(rth, rti);
call    0 returned 2
branch  1 taken 2 (fallthrough)
branch  2 taken 0 (throw)
        -:  139:		
        -:  140:	// TODO
        -:  141:	
        4:  142:	return resp;
        2:  142-block  0
        2:  142-block  1
        -:  143:}
