        -:    0:Source:D:/Mi PC/Documents/UBA/AED1/TPI/test/laCasaEstaQuedandoChicaTEST.cpp
        -:    0:Graph:D:\Mi PC\Documents\UBA\AED1\TPI\cmake-build-debug\CMakeFiles\tpi.dir\test\laCasaEstaQuedandoChicaTEST.gcno
        -:    0:Data:D:\Mi PC\Documents\UBA\AED1\TPI\cmake-build-debug\CMakeFiles\tpi.dir\test\laCasaEstaQuedandoChicaTEST.gcda
        -:    0:Runs:1
        -:    0:Programs:1
        -:    1:#include "../definiciones.h"
        -:    2:#include "../Funciones_TPI.h"
        -:    3:#include "../ejercicios.h"
        -:    4:#include "gtest/gtest.h"
        -:    5:#include <iostream>
        -:    6:#include <string>
        -:    7:#include <math.h>
        -:    8:
        -:    9:using namespace std;
        -:   10:
        -:   11:#define UMBRAL 0.0001
        -:   12:
        -:   13:// Caso de división por cero que sea igual a 0
        2:   14:TEST(laCasaEstaQuedandoChicaTEST, hacinamientoCriticoTodosIgualAUno) {
        -:   15:
        -:   16://                                                    Región\ +500 /Tipo
        -:   17://                                                       v  v  v
        -:   18:    eph_h th = {{22114, 2020,   3,  319611, 629088, 3,  1,  0,  1,  3,  1,  2},
        -:   19:                {22866, 2020,   3,  317157, 627217, 2,  40, 0,  1,  2,  1,  2},
        -:   20:                {20957, 2020,   3,  313965, 623297, 1,  41, 0,  1,  3,  1,  2},
        -:   21:                {22110, 2020,   3,  319611, 629088, 3,  42, 0,  1,  3,  1,  2},
        -:   22:                {22111, 2020,   3,  319611, 629088, 3,  43, 0,  1,  3,  1,  2},
       10:   23:                {22112, 2020,   3,  319611, 629088, 3,  44, 0,  1,  3,  1,  2}};
        -:   24:
        -:   25:    eph_i ti = {{20957, 2020,   1,  1,  3,  1,  88, 0,  0,  90000,  10},
        -:   26:                {20957, 2020,   2,  1,  3,  2,  82, 0,  0,  25000,  10},
        -:   27:                {20957, 2020,   3,  1,  3,  2,  82, 0,  0,  25000,  10},
        -:   28:                {20957, 2020,   4,  1,  3,  2,  82, 0,  0,  25000,  10},
        -:   29:                {22866, 2020,   1,  0,  3,  1,  31, 1,  3,  59000,  10},
        -:   30:                {22866, 2020,   2,  1,  3,  2,  28, 1,  3,  0,      6},
        -:   31:                {22866, 2020,   3,  1,  3,  2,  28, 1,  3,  0,      6},
        -:   32:                {22866, 2020,   4,  1,  3,  2,  28, 1,  3,  0,      6},
        -:   33:                {22110, 2020,   1,  0,  3,  1,  18, 0,  0,  20000,  10},
        -:   34:                {22110, 2020,   2,  0,  3,  1,  18, 0,  0,  20000,  10},
        -:   35:                {22110, 2020,   3,  0,  3,  1,  18, 0,  0,  20000,  10},
        -:   36:                {22110, 2020,   4,  0,  3,  1,  18, 0,  0,  20000,  10},
        -:   37:                {22114, 2020,   1,  0,  3,  1,  18, 0,  0,  20000,  10},
        -:   38:                {22114, 2020,   2,  0,  3,  1,  18, 0,  0,  20000,  10},
        -:   39:                {22114, 2020,   3,  0,  3,  1,  18, 0,  0,  20000,  10},
        -:   40:                {22114, 2020,   4,  0,  3,  1,  18, 0,  0,  20000,  10},
        -:   41:                {22111, 2020,   1,  0,  3,  1,  18, 0,  0,  20000,  10},
        -:   42:                {22111, 2020,   2,  0,  3,  1,  18, 0,  0,  20000,  10},
        -:   43:                {22111, 2020,   3,  0,  3,  1,  18, 0,  0,  20000,  10},
        -:   44:                {22111, 2020,   4,  0,  3,  1,  18, 0,  0,  20000,  10},
        -:   45:                {22112, 2020,   1,  0,  3,  1,  18, 0,  0,  20000,  10},
        -:   46:                {22112, 2020,   2,  0,  3,  1,  18, 0,  0,  20000,  10},
        -:   47:                {22112, 2020,   3,  0,  3,  1,  18, 0,  0,  20000,  10},
        -:   48:                {22112, 2020,   4,  0,  3,  1,  18, 0,  0,  20000,  10}
       28:   49:    };
        -:   50:
        -:   51:    vector<pair<int,float>> esperado = {make_pair(1,1.0),
        -:   52:                                        make_pair(40, 1.0),
        -:   53:                                        make_pair(41, 1.0),
        -:   54:                                        make_pair(42,1.0),
        -:   55:                                        make_pair(43,1.0),
        2:   56:                                        make_pair(44,1.0)};
        3:   57:    vector<pair<int,float>> resultado = laCasaEstaQuedandoChica(th, ti);
        -:   58:
        1:   59:    int i=0;
        7:   60:    while( i < 6 ) {
       6*:   61:        EXPECT_EQ( esperado[i].first, resultado[i].first );
       6*:   62:        EXPECT_EQ( true, flotante_valido(esperado[i].second, resultado[i].second, UMBRAL) );
        6:   63:        i++;
        -:   64:    }
        1:   65:}
------------------
_ZN66laCasaEstaQuedandoChicaTEST_hacinamientoCriticoTodosIgualAUno_Test8TestBodyEv:
function _ZN66laCasaEstaQuedandoChicaTEST_hacinamientoCriticoTodosIgualAUno_Test8TestBodyEv called 1 returned 100% blocks executed 37%
        1:   14:TEST(laCasaEstaQuedandoChicaTEST, hacinamientoCriticoTodosIgualAUno) {
        -:   15:
        -:   16://                                                    Región\ +500 /Tipo
        -:   17://                                                       v  v  v
        -:   18:    eph_h th = {{22114, 2020,   3,  319611, 629088, 3,  1,  0,  1,  3,  1,  2},
        -:   19:                {22866, 2020,   3,  317157, 627217, 2,  40, 0,  1,  2,  1,  2},
        -:   20:                {20957, 2020,   3,  313965, 623297, 1,  41, 0,  1,  3,  1,  2},
        -:   21:                {22110, 2020,   3,  319611, 629088, 3,  42, 0,  1,  3,  1,  2},
        -:   22:                {22111, 2020,   3,  319611, 629088, 3,  43, 0,  1,  3,  1,  2},
       10:   23:                {22112, 2020,   3,  319611, 629088, 3,  44, 0,  1,  3,  1,  2}};
        1:   23-block  0
call    0 returned 1
call    1 returned 1
branch  2 taken 1 (fallthrough)
branch  3 taken 0 (throw)
        1:   23-block  1
call    4 returned 1
call    5 returned 1
branch  6 taken 1 (fallthrough)
branch  7 taken 0 (throw)
        1:   23-block  2
call    8 returned 1
call    9 returned 1
branch 10 taken 1 (fallthrough)
branch 11 taken 0 (throw)
        1:   23-block  3
call   12 returned 1
call   13 returned 1
branch 14 taken 1 (fallthrough)
branch 15 taken 0 (throw)
        1:   23-block  4
call   16 returned 1
call   17 returned 1
branch 18 taken 1 (fallthrough)
branch 19 taken 0 (throw)
        1:   23-block  5
call   20 returned 1
call   21 returned 1
branch 22 taken 1 (fallthrough)
branch 23 taken 0 (throw)
        1:   23-block  6
call   24 returned 1
call   25 returned 1
branch 26 taken 1 (fallthrough)
branch 27 taken 0 (throw)
        6:   23-block  7
call   28 returned 6
        1:   23-block  8
call   29 returned 1
call   30 returned 1
call   31 returned 1
call   32 returned 1
call   33 returned 1
call   34 returned 1
call   35 returned 1
    $$$$$:   23-block  9
    $$$$$:   23-block 10
call   36 never executed
    $$$$$:   23-block 11
    $$$$$:   23-block 12
    $$$$$:   23-block 13
    $$$$$:   23-block 14
    $$$$$:   23-block 15
    $$$$$:   23-block 16
    $$$$$:   23-block 17
    $$$$$:   23-block 18
    $$$$$:   23-block 19
    $$$$$:   23-block 20
    $$$$$:   23-block 21
    $$$$$:   23-block 22
    $$$$$:   23-block 23
    $$$$$:   23-block 24
call   37 never executed
        -:   24:
        -:   25:    eph_i ti = {{20957, 2020,   1,  1,  3,  1,  88, 0,  0,  90000,  10},
        -:   26:                {20957, 2020,   2,  1,  3,  2,  82, 0,  0,  25000,  10},
        -:   27:                {20957, 2020,   3,  1,  3,  2,  82, 0,  0,  25000,  10},
        -:   28:                {20957, 2020,   4,  1,  3,  2,  82, 0,  0,  25000,  10},
        -:   29:                {22866, 2020,   1,  0,  3,  1,  31, 1,  3,  59000,  10},
        -:   30:                {22866, 2020,   2,  1,  3,  2,  28, 1,  3,  0,      6},
        -:   31:                {22866, 2020,   3,  1,  3,  2,  28, 1,  3,  0,      6},
        -:   32:                {22866, 2020,   4,  1,  3,  2,  28, 1,  3,  0,      6},
        -:   33:                {22110, 2020,   1,  0,  3,  1,  18, 0,  0,  20000,  10},
        -:   34:                {22110, 2020,   2,  0,  3,  1,  18, 0,  0,  20000,  10},
        -:   35:                {22110, 2020,   3,  0,  3,  1,  18, 0,  0,  20000,  10},
        -:   36:                {22110, 2020,   4,  0,  3,  1,  18, 0,  0,  20000,  10},
        -:   37:                {22114, 2020,   1,  0,  3,  1,  18, 0,  0,  20000,  10},
        -:   38:                {22114, 2020,   2,  0,  3,  1,  18, 0,  0,  20000,  10},
        -:   39:                {22114, 2020,   3,  0,  3,  1,  18, 0,  0,  20000,  10},
        -:   40:                {22114, 2020,   4,  0,  3,  1,  18, 0,  0,  20000,  10},
        -:   41:                {22111, 2020,   1,  0,  3,  1,  18, 0,  0,  20000,  10},
        -:   42:                {22111, 2020,   2,  0,  3,  1,  18, 0,  0,  20000,  10},
        -:   43:                {22111, 2020,   3,  0,  3,  1,  18, 0,  0,  20000,  10},
        -:   44:                {22111, 2020,   4,  0,  3,  1,  18, 0,  0,  20000,  10},
        -:   45:                {22112, 2020,   1,  0,  3,  1,  18, 0,  0,  20000,  10},
        -:   46:                {22112, 2020,   2,  0,  3,  1,  18, 0,  0,  20000,  10},
        -:   47:                {22112, 2020,   3,  0,  3,  1,  18, 0,  0,  20000,  10},
        -:   48:                {22112, 2020,   4,  0,  3,  1,  18, 0,  0,  20000,  10}
       28:   49:    };
call    0 returned 1
call    1 returned 1
branch  2 taken 1 (fallthrough)
branch  3 taken 0 (throw)
        1:   49-block  0
call    4 returned 1
call    5 returned 1
branch  6 taken 1 (fallthrough)
branch  7 taken 0 (throw)
        1:   49-block  1
call    8 returned 1
call    9 returned 1
branch 10 taken 1 (fallthrough)
branch 11 taken 0 (throw)
        1:   49-block  2
call   12 returned 1
call   13 returned 1
branch 14 taken 1 (fallthrough)
branch 15 taken 0 (throw)
        1:   49-block  3
call   16 returned 1
call   17 returned 1
branch 18 taken 1 (fallthrough)
branch 19 taken 0 (throw)
        1:   49-block  4
call   20 returned 1
call   21 returned 1
branch 22 taken 1 (fallthrough)
branch 23 taken 0 (throw)
        1:   49-block  5
call   24 returned 1
call   25 returned 1
branch 26 taken 1 (fallthrough)
branch 27 taken 0 (throw)
        1:   49-block  6
call   28 returned 1
call   29 returned 1
branch 30 taken 1 (fallthrough)
branch 31 taken 0 (throw)
        1:   49-block  7
call   32 returned 1
call   33 returned 1
branch 34 taken 1 (fallthrough)
branch 35 taken 0 (throw)
        1:   49-block  8
call   36 returned 1
call   37 returned 1
branch 38 taken 1 (fallthrough)
branch 39 taken 0 (throw)
        1:   49-block  9
call   40 returned 1
call   41 returned 1
branch 42 taken 1 (fallthrough)
branch 43 taken 0 (throw)
        1:   49-block 10
call   44 returned 1
call   45 returned 1
branch 46 taken 1 (fallthrough)
branch 47 taken 0 (throw)
        1:   49-block 11
call   48 returned 1
call   49 returned 1
branch 50 taken 1 (fallthrough)
branch 51 taken 0 (throw)
        1:   49-block 12
call   52 returned 1
call   53 returned 1
branch 54 taken 1 (fallthrough)
branch 55 taken 0 (throw)
        1:   49-block 13
call   56 returned 1
call   57 returned 1
branch 58 taken 1 (fallthrough)
branch 59 taken 0 (throw)
        1:   49-block 14
call   60 returned 1
call   61 returned 1
branch 62 taken 1 (fallthrough)
branch 63 taken 0 (throw)
        1:   49-block 15
call   64 returned 1
call   65 returned 1
branch 66 taken 1 (fallthrough)
branch 67 taken 0 (throw)
        1:   49-block 16
call   68 returned 1
call   69 returned 1
branch 70 taken 1 (fallthrough)
branch 71 taken 0 (throw)
        1:   49-block 17
call   72 returned 1
call   73 returned 1
branch 74 taken 1 (fallthrough)
branch 75 taken 0 (throw)
        1:   49-block 18
call   76 returned 1
call   77 returned 1
branch 78 taken 1 (fallthrough)
branch 79 taken 0 (throw)
        1:   49-block 19
call   80 returned 1
call   81 returned 1
branch 82 taken 1 (fallthrough)
branch 83 taken 0 (throw)
        1:   49-block 20
call   84 returned 1
call   85 returned 1
branch 86 taken 1 (fallthrough)
branch 87 taken 0 (throw)
        1:   49-block 21
call   88 returned 1
call   89 returned 1
branch 90 taken 1 (fallthrough)
branch 91 taken 0 (throw)
        1:   49-block 22
call   92 returned 1
call   93 returned 1
branch 94 taken 1 (fallthrough)
branch 95 taken 0 (throw)
        1:   49-block 23
call   96 returned 1
call   97 returned 1
branch 98 taken 1 (fallthrough)
branch 99 taken 0 (throw)
       24:   49-block 24
call   100 returned 24
        1:   49-block 25
call   101 returned 1
call   102 returned 1
call   103 returned 1
call   104 returned 1
call   105 returned 1
call   106 returned 1
call   107 returned 1
call   108 returned 1
call   109 returned 1
call   110 returned 1
call   111 returned 1
call   112 returned 1
call   113 returned 1
call   114 returned 1
call   115 returned 1
call   116 returned 1
call   117 returned 1
call   118 returned 1
call   119 returned 1
call   120 returned 1
call   121 returned 1
call   122 returned 1
call   123 returned 1
call   124 returned 1
call   125 returned 1
    $$$$$:   49-block 26
    $$$$$:   49-block 27
call   126 never executed
    $$$$$:   49-block 28
    $$$$$:   49-block 29
    $$$$$:   49-block 30
    $$$$$:   49-block 31
    $$$$$:   49-block 32
    $$$$$:   49-block 33
    $$$$$:   49-block 34
    $$$$$:   49-block 35
    $$$$$:   49-block 36
    $$$$$:   49-block 37
    $$$$$:   49-block 38
    $$$$$:   49-block 39
    $$$$$:   49-block 40
    $$$$$:   49-block 41
    $$$$$:   49-block 42
    $$$$$:   49-block 43
    $$$$$:   49-block 44
    $$$$$:   49-block 45
    $$$$$:   49-block 46
    $$$$$:   49-block 47
    $$$$$:   49-block 48
    $$$$$:   49-block 49
    $$$$$:   49-block 50
    $$$$$:   49-block 51
    $$$$$:   49-block 52
    $$$$$:   49-block 53
    $$$$$:   49-block 54
    $$$$$:   49-block 55
    $$$$$:   49-block 56
    $$$$$:   49-block 57
    $$$$$:   49-block 58
    $$$$$:   49-block 59
    $$$$$:   49-block 60
    $$$$$:   49-block 61
    $$$$$:   49-block 62
    $$$$$:   49-block 63
    $$$$$:   49-block 64
    $$$$$:   49-block 65
    $$$$$:   49-block 66
    $$$$$:   49-block 67
    $$$$$:   49-block 68
    $$$$$:   49-block 69
    $$$$$:   49-block 70
    $$$$$:   49-block 71
    $$$$$:   49-block 72
    $$$$$:   49-block 73
    $$$$$:   49-block 74
    $$$$$:   49-block 75
    $$$$$:   49-block 76
    $$$$$:   49-block 77
call   127 never executed
        -:   50:
        -:   51:    vector<pair<int,float>> esperado = {make_pair(1,1.0),
        -:   52:                                        make_pair(40, 1.0),
        -:   53:                                        make_pair(41, 1.0),
        -:   54:                                        make_pair(42,1.0),
        -:   55:                                        make_pair(43,1.0),
        2:   56:                                        make_pair(44,1.0)};
call    0 returned 1
call    1 returned 1
branch  2 taken 1 (fallthrough)
branch  3 taken 0 (throw)
call    4 returned 1
    $$$$$:   56-block  0
    $$$$$:   56-block  1
    $$$$$:   56-block  2
call    5 never executed
        3:   57:    vector<pair<int,float>> resultado = laCasaEstaQuedandoChica(th, ti);
call    0 returned 1
branch  1 taken 1 (fallthrough)
branch  2 taken 0 (throw)
        1:   57-block  0
call    3 returned 1
branch  4 taken 1 (fallthrough)
branch  5 taken 0 (throw)
        1:   57-block  1
call    6 returned 1
branch  7 taken 1 (fallthrough)
branch  8 taken 0 (throw)
call    9 returned 1
        1:   57-block  2
call   10 returned 1
    $$$$$:   57-block  3
    $$$$$:   57-block  4
    $$$$$:   57-block  5
call   11 never executed
        -:   58:
        1:   59:    int i=0;
        7:   60:    while( i < 6 ) {
        7:   60-block  0
branch  0 taken 6 (fallthrough)
branch  1 taken 1
       6*:   61:        EXPECT_EQ( esperado[i].first, resultado[i].first );
        6:   61-block  0
call    0 returned 6
call    1 returned 6
call    2 returned 6
branch  3 taken 6 (fallthrough)
branch  4 taken 0 (throw)
        6:   61-block  1
call    5 returned 6
branch  6 taken 0 (fallthrough)
branch  7 taken 6
    %%%%%:   61-block  2
call    8 never executed
branch  9 never executed
branch 10 never executed
    %%%%%:   61-block  3
call   11 never executed
branch 12 never executed
branch 13 never executed
    %%%%%:   61-block  4
call   14 never executed
branch 15 never executed
branch 16 never executed
    %%%%%:   61-block  5
call   17 never executed
branch 18 never executed
branch 19 never executed
    %%%%%:   61-block  6
call   20 never executed
call   21 never executed
        6:   61-block  7
call   22 returned 6
    $$$$$:   61-block  8
call   23 never executed
    $$$$$:   61-block  9
    $$$$$:   61-block 10
call   24 never executed
    $$$$$:   61-block 11
    $$$$$:   61-block 12
call   25 never executed
       6*:   62:        EXPECT_EQ( true, flotante_valido(esperado[i].second, resultado[i].second, UMBRAL) );
call    0 returned 6
call    1 returned 6
call    2 returned 6
branch  3 taken 6 (fallthrough)
branch  4 taken 0 (throw)
        6:   62-block  0
call    5 returned 6
branch  6 taken 6 (fallthrough)
branch  7 taken 0 (throw)
        6:   62-block  1
call    8 returned 6
branch  9 taken 0 (fallthrough)
branch 10 taken 6
    %%%%%:   62-block  2
call   11 never executed
branch 12 never executed
branch 13 never executed
    %%%%%:   62-block  3
call   14 never executed
branch 15 never executed
branch 16 never executed
    %%%%%:   62-block  4
call   17 never executed
branch 18 never executed
branch 19 never executed
    %%%%%:   62-block  5
call   20 never executed
branch 21 never executed
branch 22 never executed
    %%%%%:   62-block  6
call   23 never executed
call   24 never executed
        6:   62-block  7
call   25 returned 6
    $$$$$:   62-block  8
    $$$$$:   62-block  9
    $$$$$:   62-block 10
call   26 never executed
    $$$$$:   62-block 11
    $$$$$:   62-block 12
call   27 never executed
    $$$$$:   62-block 13
    $$$$$:   62-block 14
call   28 never executed
        6:   63:        i++;
        -:   64:    }
        1:   65:}
------------------
_ZN66laCasaEstaQuedandoChicaTEST_hacinamientoCriticoTodosIgualAUno_TestC1Ev:
function _ZN66laCasaEstaQuedandoChicaTEST_hacinamientoCriticoTodosIgualAUno_TestC1Ev called 1 returned 100% blocks executed 100%
        1:   14:TEST(laCasaEstaQuedandoChicaTEST, hacinamientoCriticoTodosIgualAUno) {
        1:   14-block  0
call    0 returned 1
------------------
        -:   66:
        2:   67:TEST(laCasaEstaQuedandoChicaTEST, CantHogaresValidosIgualA0) {
        -:   68:
        -:   69://                                                    Región\ +500 /Tipo
        -:   70://                                                       v  v  v
        -:   71:    eph_h th = {
        -:   72:                {22866, 2020,   3,  317157, 627217, 2,  40, 0,  1,  2,  1,  2},
        -:   73:                {20957, 2020,   3,  313965, 623297, 1,  41, 0,  1,  3,  1,  2},
        -:   74:                {22110, 2020,   3,  319611, 629088, 3,  42, 0,  1,  3,  1,  2},
        -:   75:                {22111, 2020,   3,  319611, 629088, 3,  43, 0,  1,  3,  1,  2},
        9:   76:                {22112, 2020,   3,  319611, 629088, 3,  44, 0,  1,  3,  1,  2}};
        -:   77:
        -:   78:    eph_i ti = {{20957, 2020,   1,  1,  3,  1,  88, 0,  0,  90000,  10},
        -:   79:                {20957, 2020,   2,  1,  3,  2,  82, 0,  0,  25000,  10},
        -:   80:                {20957, 2020,   3,  1,  3,  2,  82, 0,  0,  25000,  10},
        -:   81:                {20957, 2020,   4,  1,  3,  2,  82, 0,  0,  25000,  10},
        -:   82:                {22866, 2020,   1,  0,  3,  1,  31, 1,  3,  59000,  10},
        -:   83:                {22866, 2020,   2,  1,  3,  2,  28, 1,  3,  0,      6},
        -:   84:                {22866, 2020,   3,  1,  3,  2,  28, 1,  3,  0,      6},
        -:   85:                {22866, 2020,   4,  1,  3,  2,  28, 1,  3,  0,      6},
        -:   86:                {22110, 2020,   1,  0,  3,  1,  18, 0,  0,  20000,  10},
        -:   87:                {22110, 2020,   2,  0,  3,  1,  18, 0,  0,  20000,  10},
        -:   88:                {22110, 2020,   3,  0,  3,  1,  18, 0,  0,  20000,  10},
        -:   89:                {22110, 2020,   4,  0,  3,  1,  18, 0,  0,  20000,  10},
        -:   90:
        -:   91:                {22111, 2020,   1,  0,  3,  1,  18, 0,  0,  20000,  10},
        -:   92:                {22111, 2020,   2,  0,  3,  1,  18, 0,  0,  20000,  10},
        -:   93:                {22111, 2020,   3,  0,  3,  1,  18, 0,  0,  20000,  10},
        -:   94:                {22111, 2020,   4,  0,  3,  1,  18, 0,  0,  20000,  10},
        -:   95:                {22112, 2020,   1,  0,  3,  1,  18, 0,  0,  20000,  10},
        -:   96:                {22112, 2020,   2,  0,  3,  1,  18, 0,  0,  20000,  10},
        -:   97:                {22112, 2020,   3,  0,  3,  1,  18, 0,  0,  20000,  10},
        -:   98:                {22112, 2020,   4,  0,  3,  1,  18, 0,  0,  20000,  10}
       24:   99:    };
        -:  100:
        -:  101:    vector<pair<int,float>> esperado = {make_pair(1,0),
        -:  102:                                        make_pair(40, 1.0),
        -:  103:                                        make_pair(41, 1.0),
        -:  104:                                        make_pair(42,1.0),
        -:  105:                                        make_pair(43,1.0),
        2:  106:                                        make_pair(44,1.0)};
        3:  107:    vector<pair<int,float>> resultado = laCasaEstaQuedandoChica(th, ti);
        -:  108:
        1:  109:    int i=0;
        7:  110:    while( i < 6 ) {
       6*:  111:        EXPECT_EQ( esperado[i].first, resultado[i].first );
       6*:  112:        EXPECT_EQ( true, flotante_valido(esperado[i].second, resultado[i].second, UMBRAL) );
        6:  113:        i++;
        -:  114:    }
        1:  115:}
------------------
_ZN58laCasaEstaQuedandoChicaTEST_CantHogaresValidosIgualA0_Test8TestBodyEv:
function _ZN58laCasaEstaQuedandoChicaTEST_CantHogaresValidosIgualA0_Test8TestBodyEv called 1 returned 100% blocks executed 37%
        1:   67:TEST(laCasaEstaQuedandoChicaTEST, CantHogaresValidosIgualA0) {
        -:   68:
        -:   69://                                                    Región\ +500 /Tipo
        -:   70://                                                       v  v  v
        -:   71:    eph_h th = {
        -:   72:                {22866, 2020,   3,  317157, 627217, 2,  40, 0,  1,  2,  1,  2},
        -:   73:                {20957, 2020,   3,  313965, 623297, 1,  41, 0,  1,  3,  1,  2},
        -:   74:                {22110, 2020,   3,  319611, 629088, 3,  42, 0,  1,  3,  1,  2},
        -:   75:                {22111, 2020,   3,  319611, 629088, 3,  43, 0,  1,  3,  1,  2},
        9:   76:                {22112, 2020,   3,  319611, 629088, 3,  44, 0,  1,  3,  1,  2}};
        1:   76-block  0
call    0 returned 1
call    1 returned 1
branch  2 taken 1 (fallthrough)
branch  3 taken 0 (throw)
        1:   76-block  1
call    4 returned 1
call    5 returned 1
branch  6 taken 1 (fallthrough)
branch  7 taken 0 (throw)
        1:   76-block  2
call    8 returned 1
call    9 returned 1
branch 10 taken 1 (fallthrough)
branch 11 taken 0 (throw)
        1:   76-block  3
call   12 returned 1
call   13 returned 1
branch 14 taken 1 (fallthrough)
branch 15 taken 0 (throw)
        1:   76-block  4
call   16 returned 1
call   17 returned 1
branch 18 taken 1 (fallthrough)
branch 19 taken 0 (throw)
        1:   76-block  5
call   20 returned 1
call   21 returned 1
branch 22 taken 1 (fallthrough)
branch 23 taken 0 (throw)
        5:   76-block  6
call   24 returned 5
        1:   76-block  7
call   25 returned 1
call   26 returned 1
call   27 returned 1
call   28 returned 1
call   29 returned 1
call   30 returned 1
    $$$$$:   76-block  8
    $$$$$:   76-block  9
call   31 never executed
    $$$$$:   76-block 10
    $$$$$:   76-block 11
    $$$$$:   76-block 12
    $$$$$:   76-block 13
    $$$$$:   76-block 14
    $$$$$:   76-block 15
    $$$$$:   76-block 16
    $$$$$:   76-block 17
    $$$$$:   76-block 18
    $$$$$:   76-block 19
    $$$$$:   76-block 20
    $$$$$:   76-block 21
call   32 never executed
        -:   77:
        -:   78:    eph_i ti = {{20957, 2020,   1,  1,  3,  1,  88, 0,  0,  90000,  10},
        -:   79:                {20957, 2020,   2,  1,  3,  2,  82, 0,  0,  25000,  10},
        -:   80:                {20957, 2020,   3,  1,  3,  2,  82, 0,  0,  25000,  10},
        -:   81:                {20957, 2020,   4,  1,  3,  2,  82, 0,  0,  25000,  10},
        -:   82:                {22866, 2020,   1,  0,  3,  1,  31, 1,  3,  59000,  10},
        -:   83:                {22866, 2020,   2,  1,  3,  2,  28, 1,  3,  0,      6},
        -:   84:                {22866, 2020,   3,  1,  3,  2,  28, 1,  3,  0,      6},
        -:   85:                {22866, 2020,   4,  1,  3,  2,  28, 1,  3,  0,      6},
        -:   86:                {22110, 2020,   1,  0,  3,  1,  18, 0,  0,  20000,  10},
        -:   87:                {22110, 2020,   2,  0,  3,  1,  18, 0,  0,  20000,  10},
        -:   88:                {22110, 2020,   3,  0,  3,  1,  18, 0,  0,  20000,  10},
        -:   89:                {22110, 2020,   4,  0,  3,  1,  18, 0,  0,  20000,  10},
        -:   90:
        -:   91:                {22111, 2020,   1,  0,  3,  1,  18, 0,  0,  20000,  10},
        -:   92:                {22111, 2020,   2,  0,  3,  1,  18, 0,  0,  20000,  10},
        -:   93:                {22111, 2020,   3,  0,  3,  1,  18, 0,  0,  20000,  10},
        -:   94:                {22111, 2020,   4,  0,  3,  1,  18, 0,  0,  20000,  10},
        -:   95:                {22112, 2020,   1,  0,  3,  1,  18, 0,  0,  20000,  10},
        -:   96:                {22112, 2020,   2,  0,  3,  1,  18, 0,  0,  20000,  10},
        -:   97:                {22112, 2020,   3,  0,  3,  1,  18, 0,  0,  20000,  10},
        -:   98:                {22112, 2020,   4,  0,  3,  1,  18, 0,  0,  20000,  10}
       24:   99:    };
call    0 returned 1
call    1 returned 1
branch  2 taken 1 (fallthrough)
branch  3 taken 0 (throw)
        1:   99-block  0
call    4 returned 1
call    5 returned 1
branch  6 taken 1 (fallthrough)
branch  7 taken 0 (throw)
        1:   99-block  1
call    8 returned 1
call    9 returned 1
branch 10 taken 1 (fallthrough)
branch 11 taken 0 (throw)
        1:   99-block  2
call   12 returned 1
call   13 returned 1
branch 14 taken 1 (fallthrough)
branch 15 taken 0 (throw)
        1:   99-block  3
call   16 returned 1
call   17 returned 1
branch 18 taken 1 (fallthrough)
branch 19 taken 0 (throw)
        1:   99-block  4
call   20 returned 1
call   21 returned 1
branch 22 taken 1 (fallthrough)
branch 23 taken 0 (throw)
        1:   99-block  5
call   24 returned 1
call   25 returned 1
branch 26 taken 1 (fallthrough)
branch 27 taken 0 (throw)
        1:   99-block  6
call   28 returned 1
call   29 returned 1
branch 30 taken 1 (fallthrough)
branch 31 taken 0 (throw)
        1:   99-block  7
call   32 returned 1
call   33 returned 1
branch 34 taken 1 (fallthrough)
branch 35 taken 0 (throw)
        1:   99-block  8
call   36 returned 1
call   37 returned 1
branch 38 taken 1 (fallthrough)
branch 39 taken 0 (throw)
        1:   99-block  9
call   40 returned 1
call   41 returned 1
branch 42 taken 1 (fallthrough)
branch 43 taken 0 (throw)
        1:   99-block 10
call   44 returned 1
call   45 returned 1
branch 46 taken 1 (fallthrough)
branch 47 taken 0 (throw)
        1:   99-block 11
call   48 returned 1
call   49 returned 1
branch 50 taken 1 (fallthrough)
branch 51 taken 0 (throw)
        1:   99-block 12
call   52 returned 1
call   53 returned 1
branch 54 taken 1 (fallthrough)
branch 55 taken 0 (throw)
        1:   99-block 13
call   56 returned 1
call   57 returned 1
branch 58 taken 1 (fallthrough)
branch 59 taken 0 (throw)
        1:   99-block 14
call   60 returned 1
call   61 returned 1
branch 62 taken 1 (fallthrough)
branch 63 taken 0 (throw)
        1:   99-block 15
call   64 returned 1
call   65 returned 1
branch 66 taken 1 (fallthrough)
branch 67 taken 0 (throw)
        1:   99-block 16
call   68 returned 1
call   69 returned 1
branch 70 taken 1 (fallthrough)
branch 71 taken 0 (throw)
        1:   99-block 17
call   72 returned 1
call   73 returned 1
branch 74 taken 1 (fallthrough)
branch 75 taken 0 (throw)
        1:   99-block 18
call   76 returned 1
call   77 returned 1
branch 78 taken 1 (fallthrough)
branch 79 taken 0 (throw)
        1:   99-block 19
call   80 returned 1
call   81 returned 1
branch 82 taken 1 (fallthrough)
branch 83 taken 0 (throw)
       20:   99-block 20
call   84 returned 20
        1:   99-block 21
call   85 returned 1
call   86 returned 1
call   87 returned 1
call   88 returned 1
call   89 returned 1
call   90 returned 1
call   91 returned 1
call   92 returned 1
call   93 returned 1
call   94 returned 1
call   95 returned 1
call   96 returned 1
call   97 returned 1
call   98 returned 1
call   99 returned 1
call   100 returned 1
call   101 returned 1
call   102 returned 1
call   103 returned 1
call   104 returned 1
call   105 returned 1
    $$$$$:   99-block 22
    $$$$$:   99-block 23
call   106 never executed
    $$$$$:   99-block 24
    $$$$$:   99-block 25
    $$$$$:   99-block 26
    $$$$$:   99-block 27
    $$$$$:   99-block 28
    $$$$$:   99-block 29
    $$$$$:   99-block 30
    $$$$$:   99-block 31
    $$$$$:   99-block 32
    $$$$$:   99-block 33
    $$$$$:   99-block 34
    $$$$$:   99-block 35
    $$$$$:   99-block 36
    $$$$$:   99-block 37
    $$$$$:   99-block 38
    $$$$$:   99-block 39
    $$$$$:   99-block 40
    $$$$$:   99-block 41
    $$$$$:   99-block 42
    $$$$$:   99-block 43
    $$$$$:   99-block 44
    $$$$$:   99-block 45
    $$$$$:   99-block 46
    $$$$$:   99-block 47
    $$$$$:   99-block 48
    $$$$$:   99-block 49
    $$$$$:   99-block 50
    $$$$$:   99-block 51
    $$$$$:   99-block 52
    $$$$$:   99-block 53
    $$$$$:   99-block 54
    $$$$$:   99-block 55
    $$$$$:   99-block 56
    $$$$$:   99-block 57
    $$$$$:   99-block 58
    $$$$$:   99-block 59
    $$$$$:   99-block 60
    $$$$$:   99-block 61
    $$$$$:   99-block 62
    $$$$$:   99-block 63
    $$$$$:   99-block 64
    $$$$$:   99-block 65
call   107 never executed
        -:  100:
        -:  101:    vector<pair<int,float>> esperado = {make_pair(1,0),
        -:  102:                                        make_pair(40, 1.0),
        -:  103:                                        make_pair(41, 1.0),
        -:  104:                                        make_pair(42,1.0),
        -:  105:                                        make_pair(43,1.0),
        2:  106:                                        make_pair(44,1.0)};
call    0 returned 1
call    1 returned 1
branch  2 taken 1 (fallthrough)
branch  3 taken 0 (throw)
call    4 returned 1
    $$$$$:  106-block  0
    $$$$$:  106-block  1
    $$$$$:  106-block  2
call    5 never executed
        3:  107:    vector<pair<int,float>> resultado = laCasaEstaQuedandoChica(th, ti);
call    0 returned 1
branch  1 taken 1 (fallthrough)
branch  2 taken 0 (throw)
        1:  107-block  0
call    3 returned 1
branch  4 taken 1 (fallthrough)
branch  5 taken 0 (throw)
        1:  107-block  1
call    6 returned 1
branch  7 taken 1 (fallthrough)
branch  8 taken 0 (throw)
call    9 returned 1
        1:  107-block  2
call   10 returned 1
    $$$$$:  107-block  3
    $$$$$:  107-block  4
    $$$$$:  107-block  5
call   11 never executed
        -:  108:
        1:  109:    int i=0;
        7:  110:    while( i < 6 ) {
        7:  110-block  0
branch  0 taken 6 (fallthrough)
branch  1 taken 1
       6*:  111:        EXPECT_EQ( esperado[i].first, resultado[i].first );
        6:  111-block  0
call    0 returned 6
call    1 returned 6
call    2 returned 6
branch  3 taken 6 (fallthrough)
branch  4 taken 0 (throw)
        6:  111-block  1
call    5 returned 6
branch  6 taken 0 (fallthrough)
branch  7 taken 6
    %%%%%:  111-block  2
call    8 never executed
branch  9 never executed
branch 10 never executed
    %%%%%:  111-block  3
call   11 never executed
branch 12 never executed
branch 13 never executed
    %%%%%:  111-block  4
call   14 never executed
branch 15 never executed
branch 16 never executed
    %%%%%:  111-block  5
call   17 never executed
branch 18 never executed
branch 19 never executed
    %%%%%:  111-block  6
call   20 never executed
call   21 never executed
        6:  111-block  7
call   22 returned 6
    $$$$$:  111-block  8
call   23 never executed
    $$$$$:  111-block  9
    $$$$$:  111-block 10
call   24 never executed
    $$$$$:  111-block 11
    $$$$$:  111-block 12
call   25 never executed
       6*:  112:        EXPECT_EQ( true, flotante_valido(esperado[i].second, resultado[i].second, UMBRAL) );
call    0 returned 6
call    1 returned 6
call    2 returned 6
branch  3 taken 6 (fallthrough)
branch  4 taken 0 (throw)
        6:  112-block  0
call    5 returned 6
branch  6 taken 6 (fallthrough)
branch  7 taken 0 (throw)
        6:  112-block  1
call    8 returned 6
branch  9 taken 0 (fallthrough)
branch 10 taken 6
    %%%%%:  112-block  2
call   11 never executed
branch 12 never executed
branch 13 never executed
    %%%%%:  112-block  3
call   14 never executed
branch 15 never executed
branch 16 never executed
    %%%%%:  112-block  4
call   17 never executed
branch 18 never executed
branch 19 never executed
    %%%%%:  112-block  5
call   20 never executed
branch 21 never executed
branch 22 never executed
    %%%%%:  112-block  6
call   23 never executed
call   24 never executed
        6:  112-block  7
call   25 returned 6
    $$$$$:  112-block  8
    $$$$$:  112-block  9
    $$$$$:  112-block 10
call   26 never executed
    $$$$$:  112-block 11
    $$$$$:  112-block 12
call   27 never executed
    $$$$$:  112-block 13
    $$$$$:  112-block 14
call   28 never executed
        6:  113:        i++;
        -:  114:    }
        1:  115:}
------------------
_ZN58laCasaEstaQuedandoChicaTEST_CantHogaresValidosIgualA0_TestC1Ev:
function _ZN58laCasaEstaQuedandoChicaTEST_CantHogaresValidosIgualA0_TestC1Ev called 1 returned 100% blocks executed 100%
        1:   67:TEST(laCasaEstaQuedandoChicaTEST, CantHogaresValidosIgualA0) {
        1:   67-block  0
call    0 returned 1
------------------
        -:  116:
        2:  117:TEST(laCasaEstaQuedandoChicaTEST, sinHacinamientoCritico) {
        -:  118:
        -:  119://                                                    Región\ +500 /Tipo
        -:  120://                                                       v  v  v
        -:  121:    eph_h th = {{22114, 2020,   3,  319611, 629088, 3,  1,  0,  1,  3,  2,  2},
        -:  122:                {22866, 2020,   3,  317157, 627217, 2,  40, 0,  1,  2,  1,  2},
        -:  123:                {20957, 2020,   3,  313965, 623297, 1,  41, 0,  1,  3,  1,  2},
        -:  124:                {22110, 2020,   3,  319611, 629088, 3,  42, 0,  1,  3,  1,  2},
        -:  125:                {22111, 2020,   3,  319611, 629088, 3,  43, 0,  1,  3,  1,  2},
       10:  126:                {22112, 2020,   3,  319611, 629088, 3,  44, 0,  1,  3,  1,  2}};
        -:  127:
        -:  128:
        -:  129:    eph_i ti = {{20957, 2020,   1,  1,  3,  1,  88, 0,  0,  90000,  10},
        -:  130:                {20957, 2020,   2,  1,  3,  2,  82, 0,  0,  25000,  10},
        -:  131:                {20957, 2020,   3,  1,  3,  2,  82, 0,  0,  25000,  10},
        -:  132:                {20957, 2020,   4,  1,  3,  2,  82, 0,  0,  25000,  10},
        -:  133:                {22866, 2020,   1,  0,  3,  1,  31, 1,  3,  59000,  10},
        -:  134:                {22866, 2020,   2,  1,  3,  2,  28, 1,  3,  0,      6},
        -:  135:                {22866, 2020,   3,  1,  3,  2,  28, 1,  3,  0,      6},
        -:  136:                {22866, 2020,   4,  1,  3,  2,  28, 1,  3,  0,      6},
        -:  137:                {22110, 2020,   1,  0,  3,  1,  18, 0,  0,  20000,  10},
        -:  138:                {22110, 2020,   2,  0,  3,  1,  18, 0,  0,  20000,  10},
        -:  139:                {22110, 2020,   3,  0,  3,  1,  18, 0,  0,  20000,  10},
        -:  140:                {22110, 2020,   4,  0,  3,  1,  18, 0,  0,  20000,  10},
        -:  141:                {22114, 2020,   1,  0,  3,  1,  18, 0,  0,  20000,  10},
        -:  142:
        -:  143:                {22111, 2020,   1,  0,  3,  1,  18, 0,  0,  20000,  10},
        -:  144:                {22111, 2020,   2,  0,  3,  1,  18, 0,  0,  20000,  10},
        -:  145:                {22111, 2020,   3,  0,  3,  1,  18, 0,  0,  20000,  10},
        -:  146:                {22111, 2020,   4,  0,  3,  1,  18, 0,  0,  20000,  10},
        -:  147:                {22112, 2020,   1,  0,  3,  1,  18, 0,  0,  20000,  10},
        -:  148:                {22112, 2020,   2,  0,  3,  1,  18, 0,  0,  20000,  10},
        -:  149:                {22112, 2020,   3,  0,  3,  1,  18, 0,  0,  20000,  10},
        -:  150:                {22112, 2020,   4,  0,  3,  1,  18, 0,  0,  20000,  10}
       25:  151:    };
        -:  152:
        -:  153:    vector<pair<int,float>> esperado = {make_pair(1,0),
        -:  154:                                        make_pair(40, 1.0),
        -:  155:                                        make_pair(41, 1.0),
        -:  156:                                        make_pair(42,1.0),
        -:  157:                                        make_pair(43,1.0),
        2:  158:                                        make_pair(44,1.0)};
        3:  159:    vector<pair<int,float>> resultado = laCasaEstaQuedandoChica(th, ti);
        -:  160:
        1:  161:    int i=0;
        7:  162:    while( i < 6 ) {
       6*:  163:        EXPECT_EQ( esperado[i].first, resultado[i].first );
       6*:  164:        EXPECT_EQ( true, flotante_valido(esperado[i].second, resultado[i].second, UMBRAL) );
        6:  165:        i++;
        -:  166:    }
        1:  167:}
------------------
_ZN55laCasaEstaQuedandoChicaTEST_sinHacinamientoCritico_Test8TestBodyEv:
function _ZN55laCasaEstaQuedandoChicaTEST_sinHacinamientoCritico_Test8TestBodyEv called 1 returned 100% blocks executed 37%
        1:  117:TEST(laCasaEstaQuedandoChicaTEST, sinHacinamientoCritico) {
        -:  118:
        -:  119://                                                    Región\ +500 /Tipo
        -:  120://                                                       v  v  v
        -:  121:    eph_h th = {{22114, 2020,   3,  319611, 629088, 3,  1,  0,  1,  3,  2,  2},
        -:  122:                {22866, 2020,   3,  317157, 627217, 2,  40, 0,  1,  2,  1,  2},
        -:  123:                {20957, 2020,   3,  313965, 623297, 1,  41, 0,  1,  3,  1,  2},
        -:  124:                {22110, 2020,   3,  319611, 629088, 3,  42, 0,  1,  3,  1,  2},
        -:  125:                {22111, 2020,   3,  319611, 629088, 3,  43, 0,  1,  3,  1,  2},
       10:  126:                {22112, 2020,   3,  319611, 629088, 3,  44, 0,  1,  3,  1,  2}};
        1:  126-block  0
call    0 returned 1
call    1 returned 1
branch  2 taken 1 (fallthrough)
branch  3 taken 0 (throw)
        1:  126-block  1
call    4 returned 1
call    5 returned 1
branch  6 taken 1 (fallthrough)
branch  7 taken 0 (throw)
        1:  126-block  2
call    8 returned 1
call    9 returned 1
branch 10 taken 1 (fallthrough)
branch 11 taken 0 (throw)
        1:  126-block  3
call   12 returned 1
call   13 returned 1
branch 14 taken 1 (fallthrough)
branch 15 taken 0 (throw)
        1:  126-block  4
call   16 returned 1
call   17 returned 1
branch 18 taken 1 (fallthrough)
branch 19 taken 0 (throw)
        1:  126-block  5
call   20 returned 1
call   21 returned 1
branch 22 taken 1 (fallthrough)
branch 23 taken 0 (throw)
        1:  126-block  6
call   24 returned 1
call   25 returned 1
branch 26 taken 1 (fallthrough)
branch 27 taken 0 (throw)
        6:  126-block  7
call   28 returned 6
        1:  126-block  8
call   29 returned 1
call   30 returned 1
call   31 returned 1
call   32 returned 1
call   33 returned 1
call   34 returned 1
call   35 returned 1
    $$$$$:  126-block  9
    $$$$$:  126-block 10
call   36 never executed
    $$$$$:  126-block 11
    $$$$$:  126-block 12
    $$$$$:  126-block 13
    $$$$$:  126-block 14
    $$$$$:  126-block 15
    $$$$$:  126-block 16
    $$$$$:  126-block 17
    $$$$$:  126-block 18
    $$$$$:  126-block 19
    $$$$$:  126-block 20
    $$$$$:  126-block 21
    $$$$$:  126-block 22
    $$$$$:  126-block 23
    $$$$$:  126-block 24
call   37 never executed
        -:  127:
        -:  128:
        -:  129:    eph_i ti = {{20957, 2020,   1,  1,  3,  1,  88, 0,  0,  90000,  10},
        -:  130:                {20957, 2020,   2,  1,  3,  2,  82, 0,  0,  25000,  10},
        -:  131:                {20957, 2020,   3,  1,  3,  2,  82, 0,  0,  25000,  10},
        -:  132:                {20957, 2020,   4,  1,  3,  2,  82, 0,  0,  25000,  10},
        -:  133:                {22866, 2020,   1,  0,  3,  1,  31, 1,  3,  59000,  10},
        -:  134:                {22866, 2020,   2,  1,  3,  2,  28, 1,  3,  0,      6},
        -:  135:                {22866, 2020,   3,  1,  3,  2,  28, 1,  3,  0,      6},
        -:  136:                {22866, 2020,   4,  1,  3,  2,  28, 1,  3,  0,      6},
        -:  137:                {22110, 2020,   1,  0,  3,  1,  18, 0,  0,  20000,  10},
        -:  138:                {22110, 2020,   2,  0,  3,  1,  18, 0,  0,  20000,  10},
        -:  139:                {22110, 2020,   3,  0,  3,  1,  18, 0,  0,  20000,  10},
        -:  140:                {22110, 2020,   4,  0,  3,  1,  18, 0,  0,  20000,  10},
        -:  141:                {22114, 2020,   1,  0,  3,  1,  18, 0,  0,  20000,  10},
        -:  142:
        -:  143:                {22111, 2020,   1,  0,  3,  1,  18, 0,  0,  20000,  10},
        -:  144:                {22111, 2020,   2,  0,  3,  1,  18, 0,  0,  20000,  10},
        -:  145:                {22111, 2020,   3,  0,  3,  1,  18, 0,  0,  20000,  10},
        -:  146:                {22111, 2020,   4,  0,  3,  1,  18, 0,  0,  20000,  10},
        -:  147:                {22112, 2020,   1,  0,  3,  1,  18, 0,  0,  20000,  10},
        -:  148:                {22112, 2020,   2,  0,  3,  1,  18, 0,  0,  20000,  10},
        -:  149:                {22112, 2020,   3,  0,  3,  1,  18, 0,  0,  20000,  10},
        -:  150:                {22112, 2020,   4,  0,  3,  1,  18, 0,  0,  20000,  10}
       25:  151:    };
call    0 returned 1
call    1 returned 1
branch  2 taken 1 (fallthrough)
branch  3 taken 0 (throw)
        1:  151-block  0
call    4 returned 1
call    5 returned 1
branch  6 taken 1 (fallthrough)
branch  7 taken 0 (throw)
        1:  151-block  1
call    8 returned 1
call    9 returned 1
branch 10 taken 1 (fallthrough)
branch 11 taken 0 (throw)
        1:  151-block  2
call   12 returned 1
call   13 returned 1
branch 14 taken 1 (fallthrough)
branch 15 taken 0 (throw)
        1:  151-block  3
call   16 returned 1
call   17 returned 1
branch 18 taken 1 (fallthrough)
branch 19 taken 0 (throw)
        1:  151-block  4
call   20 returned 1
call   21 returned 1
branch 22 taken 1 (fallthrough)
branch 23 taken 0 (throw)
        1:  151-block  5
call   24 returned 1
call   25 returned 1
branch 26 taken 1 (fallthrough)
branch 27 taken 0 (throw)
        1:  151-block  6
call   28 returned 1
call   29 returned 1
branch 30 taken 1 (fallthrough)
branch 31 taken 0 (throw)
        1:  151-block  7
call   32 returned 1
call   33 returned 1
branch 34 taken 1 (fallthrough)
branch 35 taken 0 (throw)
        1:  151-block  8
call   36 returned 1
call   37 returned 1
branch 38 taken 1 (fallthrough)
branch 39 taken 0 (throw)
        1:  151-block  9
call   40 returned 1
call   41 returned 1
branch 42 taken 1 (fallthrough)
branch 43 taken 0 (throw)
        1:  151-block 10
call   44 returned 1
call   45 returned 1
branch 46 taken 1 (fallthrough)
branch 47 taken 0 (throw)
        1:  151-block 11
call   48 returned 1
call   49 returned 1
branch 50 taken 1 (fallthrough)
branch 51 taken 0 (throw)
        1:  151-block 12
call   52 returned 1
call   53 returned 1
branch 54 taken 1 (fallthrough)
branch 55 taken 0 (throw)
        1:  151-block 13
call   56 returned 1
call   57 returned 1
branch 58 taken 1 (fallthrough)
branch 59 taken 0 (throw)
        1:  151-block 14
call   60 returned 1
call   61 returned 1
branch 62 taken 1 (fallthrough)
branch 63 taken 0 (throw)
        1:  151-block 15
call   64 returned 1
call   65 returned 1
branch 66 taken 1 (fallthrough)
branch 67 taken 0 (throw)
        1:  151-block 16
call   68 returned 1
call   69 returned 1
branch 70 taken 1 (fallthrough)
branch 71 taken 0 (throw)
        1:  151-block 17
call   72 returned 1
call   73 returned 1
branch 74 taken 1 (fallthrough)
branch 75 taken 0 (throw)
        1:  151-block 18
call   76 returned 1
call   77 returned 1
branch 78 taken 1 (fallthrough)
branch 79 taken 0 (throw)
        1:  151-block 19
call   80 returned 1
call   81 returned 1
branch 82 taken 1 (fallthrough)
branch 83 taken 0 (throw)
        1:  151-block 20
call   84 returned 1
call   85 returned 1
branch 86 taken 1 (fallthrough)
branch 87 taken 0 (throw)
       21:  151-block 21
call   88 returned 21
        1:  151-block 22
call   89 returned 1
call   90 returned 1
call   91 returned 1
call   92 returned 1
call   93 returned 1
call   94 returned 1
call   95 returned 1
call   96 returned 1
call   97 returned 1
call   98 returned 1
call   99 returned 1
call   100 returned 1
call   101 returned 1
call   102 returned 1
call   103 returned 1
call   104 returned 1
call   105 returned 1
call   106 returned 1
call   107 returned 1
call   108 returned 1
call   109 returned 1
call   110 returned 1
    $$$$$:  151-block 23
    $$$$$:  151-block 24
call   111 never executed
    $$$$$:  151-block 25
    $$$$$:  151-block 26
    $$$$$:  151-block 27
    $$$$$:  151-block 28
    $$$$$:  151-block 29
    $$$$$:  151-block 30
    $$$$$:  151-block 31
    $$$$$:  151-block 32
    $$$$$:  151-block 33
    $$$$$:  151-block 34
    $$$$$:  151-block 35
    $$$$$:  151-block 36
    $$$$$:  151-block 37
    $$$$$:  151-block 38
    $$$$$:  151-block 39
    $$$$$:  151-block 40
    $$$$$:  151-block 41
    $$$$$:  151-block 42
    $$$$$:  151-block 43
    $$$$$:  151-block 44
    $$$$$:  151-block 45
    $$$$$:  151-block 46
    $$$$$:  151-block 47
    $$$$$:  151-block 48
    $$$$$:  151-block 49
    $$$$$:  151-block 50
    $$$$$:  151-block 51
    $$$$$:  151-block 52
    $$$$$:  151-block 53
    $$$$$:  151-block 54
    $$$$$:  151-block 55
    $$$$$:  151-block 56
    $$$$$:  151-block 57
    $$$$$:  151-block 58
    $$$$$:  151-block 59
    $$$$$:  151-block 60
    $$$$$:  151-block 61
    $$$$$:  151-block 62
    $$$$$:  151-block 63
    $$$$$:  151-block 64
    $$$$$:  151-block 65
    $$$$$:  151-block 66
    $$$$$:  151-block 67
    $$$$$:  151-block 68
call   112 never executed
        -:  152:
        -:  153:    vector<pair<int,float>> esperado = {make_pair(1,0),
        -:  154:                                        make_pair(40, 1.0),
        -:  155:                                        make_pair(41, 1.0),
        -:  156:                                        make_pair(42,1.0),
        -:  157:                                        make_pair(43,1.0),
        2:  158:                                        make_pair(44,1.0)};
call    0 returned 1
call    1 returned 1
branch  2 taken 1 (fallthrough)
branch  3 taken 0 (throw)
call    4 returned 1
    $$$$$:  158-block  0
    $$$$$:  158-block  1
    $$$$$:  158-block  2
call    5 never executed
        3:  159:    vector<pair<int,float>> resultado = laCasaEstaQuedandoChica(th, ti);
call    0 returned 1
branch  1 taken 1 (fallthrough)
branch  2 taken 0 (throw)
        1:  159-block  0
call    3 returned 1
branch  4 taken 1 (fallthrough)
branch  5 taken 0 (throw)
        1:  159-block  1
call    6 returned 1
branch  7 taken 1 (fallthrough)
branch  8 taken 0 (throw)
call    9 returned 1
        1:  159-block  2
call   10 returned 1
    $$$$$:  159-block  3
    $$$$$:  159-block  4
    $$$$$:  159-block  5
call   11 never executed
        -:  160:
        1:  161:    int i=0;
        7:  162:    while( i < 6 ) {
        7:  162-block  0
branch  0 taken 6 (fallthrough)
branch  1 taken 1
       6*:  163:        EXPECT_EQ( esperado[i].first, resultado[i].first );
        6:  163-block  0
call    0 returned 6
call    1 returned 6
call    2 returned 6
branch  3 taken 6 (fallthrough)
branch  4 taken 0 (throw)
        6:  163-block  1
call    5 returned 6
branch  6 taken 0 (fallthrough)
branch  7 taken 6
    %%%%%:  163-block  2
call    8 never executed
branch  9 never executed
branch 10 never executed
    %%%%%:  163-block  3
call   11 never executed
branch 12 never executed
branch 13 never executed
    %%%%%:  163-block  4
call   14 never executed
branch 15 never executed
branch 16 never executed
    %%%%%:  163-block  5
call   17 never executed
branch 18 never executed
branch 19 never executed
    %%%%%:  163-block  6
call   20 never executed
call   21 never executed
        6:  163-block  7
call   22 returned 6
    $$$$$:  163-block  8
call   23 never executed
    $$$$$:  163-block  9
    $$$$$:  163-block 10
call   24 never executed
    $$$$$:  163-block 11
    $$$$$:  163-block 12
call   25 never executed
       6*:  164:        EXPECT_EQ( true, flotante_valido(esperado[i].second, resultado[i].second, UMBRAL) );
call    0 returned 6
call    1 returned 6
call    2 returned 6
branch  3 taken 6 (fallthrough)
branch  4 taken 0 (throw)
        6:  164-block  0
call    5 returned 6
branch  6 taken 6 (fallthrough)
branch  7 taken 0 (throw)
        6:  164-block  1
call    8 returned 6
branch  9 taken 0 (fallthrough)
branch 10 taken 6
    %%%%%:  164-block  2
call   11 never executed
branch 12 never executed
branch 13 never executed
    %%%%%:  164-block  3
call   14 never executed
branch 15 never executed
branch 16 never executed
    %%%%%:  164-block  4
call   17 never executed
branch 18 never executed
branch 19 never executed
    %%%%%:  164-block  5
call   20 never executed
branch 21 never executed
branch 22 never executed
    %%%%%:  164-block  6
call   23 never executed
call   24 never executed
        6:  164-block  7
call   25 returned 6
    $$$$$:  164-block  8
    $$$$$:  164-block  9
    $$$$$:  164-block 10
call   26 never executed
    $$$$$:  164-block 11
    $$$$$:  164-block 12
call   27 never executed
    $$$$$:  164-block 13
    $$$$$:  164-block 14
call   28 never executed
        6:  165:        i++;
        -:  166:    }
        1:  167:}
------------------
_ZN55laCasaEstaQuedandoChicaTEST_sinHacinamientoCritico_TestC1Ev:
function _ZN55laCasaEstaQuedandoChicaTEST_sinHacinamientoCritico_TestC1Ev called 1 returned 100% blocks executed 100%
        1:  117:TEST(laCasaEstaQuedandoChicaTEST, sinHacinamientoCritico) {
        1:  117-block  0
call    0 returned 1
------------------
        -:  168:
