        -:    0:Source:D:/Mi PC/Documents/UBA/AED1/TPI/test/ordenarRegionYCODUSUTEST.cpp
        -:    0:Graph:D:\Mi PC\Documents\UBA\AED1\TPI\cmake-build-debug\CMakeFiles\tpi.dir\test\ordenarRegionYCODUSUTEST.gcno
        -:    0:Data:D:\Mi PC\Documents\UBA\AED1\TPI\cmake-build-debug\CMakeFiles\tpi.dir\test\ordenarRegionYCODUSUTEST.gcda
        -:    0:Runs:1
        -:    0:Programs:1
        -:    1:#include "../definiciones.h"
        -:    2:#include "../Funciones_TPI.h"
        -:    3:#include "../ejercicios.h"
        -:    4:#include "gtest/gtest.h"
        -:    5:#include <iostream>
        -:    6:#include <string>
        -:    7:#include "../auxiliares.h"
        -:    8:
        -:    9:using namespace std;
        -:   10:
        -:   11:
        2:   12:TEST(ordenarRegionYCODUSUTEST, regionesDistintas) {
        -:   13:
        -:   14:    eph_h th = {
        -:   15:        {334,  2017, 1, 1, 2, 0, 1, 3, 1, 2},
        -:   16:        {960,  2017, 1, 1, 1, 0, 1, 4, 1, 2},
        6:   17:    };
        -:   18:
        -:   19:
        -:   20:    eph_i ti = {
        -:   21:        {334,  1, 2017, 1, 0, 1, 36, 1,  3, 16300, 1},
        -:   22:        {960,  3, 2017, 1, 1, 2, 51, 1,  4, 1280,  1},
        -:   23:        {960,  2, 2017, 1, 0, 2, 20, 1,  3, 7000,  1},
        -:   24:        {960,  1, 2017, 1, 0, 2, 19, 0,  0, 0,     6},
        -:   25:
        -:   26:
        8:   27:    };
        -:   28:
        -:   29:    eph_h th_esperado = {
        -:   30:        {960,  2017, 1, 1, 1, 0, 1, 4, 1, 2},
        -:   31:        {334,  2017, 1, 1, 2, 0, 1, 3, 1, 2},
        6:   32:    };
        -:   33:
        -:   34:    eph_i ti_esperado = {
        -:   35:        {960,  1, 2017, 1, 0, 2, 19, 0,  0, 0,     6},
        -:   36:        {960,  2, 2017, 1, 0, 2, 20, 1,  3, 7000,  1},
        -:   37:        {960,  3, 2017, 1, 1, 2, 51, 1,  4, 1280,  1},
        -:   38:        {334,  1, 2017, 1, 0, 1, 36, 1,  3, 16300, 1}
        8:   39:    };
        -:   40:
        -:   41:
        1:   42:    ordenarRegionYCODUSU(th, ti);
       1*:   43:    EXPECT_EQ(th_esperado, th);
       1*:   44:    EXPECT_EQ(ti_esperado, ti);
        1:   45:}
------------------
_ZN47ordenarRegionYCODUSUTEST_regionesDistintas_Test8TestBodyEv:
function _ZN47ordenarRegionYCODUSUTEST_regionesDistintas_Test8TestBodyEv called 1 returned 100% blocks executed 36%
        1:   12:TEST(ordenarRegionYCODUSUTEST, regionesDistintas) {
        -:   13:
        -:   14:    eph_h th = {
        -:   15:        {334,  2017, 1, 1, 2, 0, 1, 3, 1, 2},
        -:   16:        {960,  2017, 1, 1, 1, 0, 1, 4, 1, 2},
        6:   17:    };
        1:   17-block  0
call    0 returned 1
call    1 returned 1
branch  2 taken 1 (fallthrough)
branch  3 taken 0 (throw)
        1:   17-block  1
call    4 returned 1
call    5 returned 1
branch  6 taken 1 (fallthrough)
branch  7 taken 0 (throw)
        1:   17-block  2
call    8 returned 1
call    9 returned 1
branch 10 taken 1 (fallthrough)
branch 11 taken 0 (throw)
        2:   17-block  3
call   12 returned 2
        1:   17-block  4
call   13 returned 1
call   14 returned 1
call   15 returned 1
    $$$$$:   17-block  5
    $$$$$:   17-block  6
call   16 never executed
    $$$$$:   17-block  7
    $$$$$:   17-block  8
    $$$$$:   17-block  9
    $$$$$:   17-block 10
    $$$$$:   17-block 11
    $$$$$:   17-block 12
call   17 never executed
        -:   18:
        -:   19:
        -:   20:    eph_i ti = {
        -:   21:        {334,  1, 2017, 1, 0, 1, 36, 1,  3, 16300, 1},
        -:   22:        {960,  3, 2017, 1, 1, 2, 51, 1,  4, 1280,  1},
        -:   23:        {960,  2, 2017, 1, 0, 2, 20, 1,  3, 7000,  1},
        -:   24:        {960,  1, 2017, 1, 0, 2, 19, 0,  0, 0,     6},
        -:   25:
        -:   26:
        8:   27:    };
call    0 returned 1
call    1 returned 1
branch  2 taken 1 (fallthrough)
branch  3 taken 0 (throw)
        1:   27-block  0
call    4 returned 1
call    5 returned 1
branch  6 taken 1 (fallthrough)
branch  7 taken 0 (throw)
        1:   27-block  1
call    8 returned 1
call    9 returned 1
branch 10 taken 1 (fallthrough)
branch 11 taken 0 (throw)
        1:   27-block  2
call   12 returned 1
call   13 returned 1
branch 14 taken 1 (fallthrough)
branch 15 taken 0 (throw)
        1:   27-block  3
call   16 returned 1
call   17 returned 1
branch 18 taken 1 (fallthrough)
branch 19 taken 0 (throw)
        4:   27-block  4
call   20 returned 4
        1:   27-block  5
call   21 returned 1
call   22 returned 1
call   23 returned 1
call   24 returned 1
call   25 returned 1
    $$$$$:   27-block  6
    $$$$$:   27-block  7
call   26 never executed
    $$$$$:   27-block  8
    $$$$$:   27-block  9
    $$$$$:   27-block 10
    $$$$$:   27-block 11
    $$$$$:   27-block 12
    $$$$$:   27-block 13
    $$$$$:   27-block 14
    $$$$$:   27-block 15
    $$$$$:   27-block 16
    $$$$$:   27-block 17
call   27 never executed
        -:   28:
        -:   29:    eph_h th_esperado = {
        -:   30:        {960,  2017, 1, 1, 1, 0, 1, 4, 1, 2},
        -:   31:        {334,  2017, 1, 1, 2, 0, 1, 3, 1, 2},
        6:   32:    };
call    0 returned 1
call    1 returned 1
branch  2 taken 1 (fallthrough)
branch  3 taken 0 (throw)
        1:   32-block  0
call    4 returned 1
call    5 returned 1
branch  6 taken 1 (fallthrough)
branch  7 taken 0 (throw)
        1:   32-block  1
call    8 returned 1
call    9 returned 1
branch 10 taken 1 (fallthrough)
branch 11 taken 0 (throw)
        2:   32-block  2
call   12 returned 2
        1:   32-block  3
call   13 returned 1
call   14 returned 1
call   15 returned 1
    $$$$$:   32-block  4
    $$$$$:   32-block  5
call   16 never executed
    $$$$$:   32-block  6
    $$$$$:   32-block  7
    $$$$$:   32-block  8
    $$$$$:   32-block  9
    $$$$$:   32-block 10
    $$$$$:   32-block 11
call   17 never executed
        -:   33:
        -:   34:    eph_i ti_esperado = {
        -:   35:        {960,  1, 2017, 1, 0, 2, 19, 0,  0, 0,     6},
        -:   36:        {960,  2, 2017, 1, 0, 2, 20, 1,  3, 7000,  1},
        -:   37:        {960,  3, 2017, 1, 1, 2, 51, 1,  4, 1280,  1},
        -:   38:        {334,  1, 2017, 1, 0, 1, 36, 1,  3, 16300, 1}
        8:   39:    };
call    0 returned 1
call    1 returned 1
branch  2 taken 1 (fallthrough)
branch  3 taken 0 (throw)
        1:   39-block  0
call    4 returned 1
call    5 returned 1
branch  6 taken 1 (fallthrough)
branch  7 taken 0 (throw)
        1:   39-block  1
call    8 returned 1
call    9 returned 1
branch 10 taken 1 (fallthrough)
branch 11 taken 0 (throw)
        1:   39-block  2
call   12 returned 1
call   13 returned 1
branch 14 taken 1 (fallthrough)
branch 15 taken 0 (throw)
        1:   39-block  3
call   16 returned 1
call   17 returned 1
branch 18 taken 1 (fallthrough)
branch 19 taken 0 (throw)
        4:   39-block  4
call   20 returned 4
        1:   39-block  5
call   21 returned 1
call   22 returned 1
call   23 returned 1
call   24 returned 1
call   25 returned 1
    $$$$$:   39-block  6
    $$$$$:   39-block  7
call   26 never executed
    $$$$$:   39-block  8
    $$$$$:   39-block  9
    $$$$$:   39-block 10
    $$$$$:   39-block 11
    $$$$$:   39-block 12
    $$$$$:   39-block 13
    $$$$$:   39-block 14
    $$$$$:   39-block 15
    $$$$$:   39-block 16
    $$$$$:   39-block 17
call   27 never executed
        -:   40:
        -:   41:
        1:   42:    ordenarRegionYCODUSU(th, ti);
call    0 returned 1
branch  1 taken 1 (fallthrough)
branch  2 taken 0 (throw)
       1*:   43:    EXPECT_EQ(th_esperado, th);
        1:   43-block  0
call    0 returned 1
branch  1 taken 1 (fallthrough)
branch  2 taken 0 (throw)
        1:   43-block  1
call    3 returned 1
branch  4 taken 0 (fallthrough)
branch  5 taken 1
    %%%%%:   43-block  2
call    6 never executed
branch  7 never executed
branch  8 never executed
    %%%%%:   43-block  3
call    9 never executed
branch 10 never executed
branch 11 never executed
    %%%%%:   43-block  4
call   12 never executed
branch 13 never executed
branch 14 never executed
    %%%%%:   43-block  5
call   15 never executed
branch 16 never executed
branch 17 never executed
    %%%%%:   43-block  6
call   18 never executed
call   19 never executed
        1:   43-block  7
call   20 returned 1
    $$$$$:   43-block  8
call   21 never executed
    $$$$$:   43-block  9
    $$$$$:   43-block 10
call   22 never executed
    $$$$$:   43-block 11
    $$$$$:   43-block 12
call   23 never executed
       1*:   44:    EXPECT_EQ(ti_esperado, ti);
call    0 returned 1
branch  1 taken 1 (fallthrough)
branch  2 taken 0 (throw)
        1:   44-block  0
call    3 returned 1
branch  4 taken 0 (fallthrough)
branch  5 taken 1
    %%%%%:   44-block  1
call    6 never executed
branch  7 never executed
branch  8 never executed
    %%%%%:   44-block  2
call    9 never executed
branch 10 never executed
branch 11 never executed
    %%%%%:   44-block  3
call   12 never executed
branch 13 never executed
branch 14 never executed
    %%%%%:   44-block  4
call   15 never executed
branch 16 never executed
branch 17 never executed
    %%%%%:   44-block  5
call   18 never executed
call   19 never executed
        1:   44-block  6
call   20 returned 1
    $$$$$:   44-block  7
call   21 never executed
    $$$$$:   44-block  8
    $$$$$:   44-block  9
call   22 never executed
    $$$$$:   44-block 10
    $$$$$:   44-block 11
call   23 never executed
        1:   45:}
------------------
_ZN47ordenarRegionYCODUSUTEST_regionesDistintas_TestC1Ev:
function _ZN47ordenarRegionYCODUSUTEST_regionesDistintas_TestC1Ev called 1 returned 100% blocks executed 100%
        1:   12:TEST(ordenarRegionYCODUSUTEST, regionesDistintas) {
        1:   12-block  0
call    0 returned 1
------------------
        -:   46:
        2:   47:TEST(ordenarRegionYCODUSUTEST, todasLasRegiones){
        -:   48:    eph_h th = {
        -:   49:                               //
        -:   50:            {9959, 2017, 3, 0, 2, 1, 42, 1, 1, 7},
        -:   51:            {960,  2017, 1, 1, 1, 0, 1, 4, 1, 2},
        -:   52:            {334,  2017, 1, 1, 2, 0, 1, 3, 1, 2}
        7:   53:    };
        -:   54:
        -:   55:
        -:   56:    eph_i ti = {
        -:   57:            //                    // //
        -:   58:            {334,  1, 2017, 1, 0, 1, 36, 1,  3, 16300, 1},
        -:   59:            {960,  3, 2017, 1, 1, 2, 51, 1,  4, 1280,  1},
        -:   60:            {960,  2, 2017, 1, 0, 2, 20, 1,  3, 7000,  1},
        -:   61:            {960,  1, 2017, 1, 0, 2, 19, 0,  0, 0,     6},
        -:   62:            {9959, 2017, 3, 0, 3, 1, 42, 1, 1, 7}
        9:   63:    };
        -:   64:
        -:   65:    eph_h th_esperado = {
        -:   66:            {960,  2017, 1, 1, 1, 0, 1, 4, 1, 2},
        -:   67:            {334,  2017, 1, 1, 2, 0, 1, 3, 1, 2},
        -:   68:            {9959, 2017, 3, 0, 2, 1, 42, 1, 1, 7}
        7:   69:    };
        -:   70:
        -:   71:    eph_i ti_esperado = {
        -:   72:                                     //
        -:   73:            {960,  1, 2017, 1, 0, 2, 19, 0,  0, 0,     6},
        -:   74:            {960,  2, 2017, 1, 0, 2, 20, 1,  3, 7000,  1},
        -:   75:            {960,  3, 2017, 1, 1, 2, 51, 1,  4, 1280,  1},
        -:   76:            {334,  1, 2017, 1, 0, 1, 36, 1,  3, 16300, 1},
        -:   77:            {9959, 2017, 3, 0, 3, 1, 42, 1, 1, 7}
        9:   78:    };
        -:   79:
        -:   80:
        1:   81:    ordenarRegionYCODUSU(th, ti);
       1*:   82:    EXPECT_EQ(th_esperado, th);
       1*:   83:    EXPECT_EQ(ti_esperado, ti);
        1:   84:};
------------------
_ZN46ordenarRegionYCODUSUTEST_todasLasRegiones_Test8TestBodyEv:
function _ZN46ordenarRegionYCODUSUTEST_todasLasRegiones_Test8TestBodyEv called 1 returned 100% blocks executed 36%
        1:   47:TEST(ordenarRegionYCODUSUTEST, todasLasRegiones){
        -:   48:    eph_h th = {
        -:   49:                               //
        -:   50:            {9959, 2017, 3, 0, 2, 1, 42, 1, 1, 7},
        -:   51:            {960,  2017, 1, 1, 1, 0, 1, 4, 1, 2},
        -:   52:            {334,  2017, 1, 1, 2, 0, 1, 3, 1, 2}
        7:   53:    };
        1:   53-block  0
call    0 returned 1
call    1 returned 1
branch  2 taken 1 (fallthrough)
branch  3 taken 0 (throw)
        1:   53-block  1
call    4 returned 1
call    5 returned 1
branch  6 taken 1 (fallthrough)
branch  7 taken 0 (throw)
        1:   53-block  2
call    8 returned 1
call    9 returned 1
branch 10 taken 1 (fallthrough)
branch 11 taken 0 (throw)
        1:   53-block  3
call   12 returned 1
call   13 returned 1
branch 14 taken 1 (fallthrough)
branch 15 taken 0 (throw)
        3:   53-block  4
call   16 returned 3
        1:   53-block  5
call   17 returned 1
call   18 returned 1
call   19 returned 1
call   20 returned 1
    $$$$$:   53-block  6
    $$$$$:   53-block  7
call   21 never executed
    $$$$$:   53-block  8
    $$$$$:   53-block  9
    $$$$$:   53-block 10
    $$$$$:   53-block 11
    $$$$$:   53-block 12
    $$$$$:   53-block 13
    $$$$$:   53-block 14
    $$$$$:   53-block 15
call   22 never executed
        -:   54:
        -:   55:
        -:   56:    eph_i ti = {
        -:   57:            //                    // //
        -:   58:            {334,  1, 2017, 1, 0, 1, 36, 1,  3, 16300, 1},
        -:   59:            {960,  3, 2017, 1, 1, 2, 51, 1,  4, 1280,  1},
        -:   60:            {960,  2, 2017, 1, 0, 2, 20, 1,  3, 7000,  1},
        -:   61:            {960,  1, 2017, 1, 0, 2, 19, 0,  0, 0,     6},
        -:   62:            {9959, 2017, 3, 0, 3, 1, 42, 1, 1, 7}
        9:   63:    };
call    0 returned 1
call    1 returned 1
branch  2 taken 1 (fallthrough)
branch  3 taken 0 (throw)
        1:   63-block  0
call    4 returned 1
call    5 returned 1
branch  6 taken 1 (fallthrough)
branch  7 taken 0 (throw)
        1:   63-block  1
call    8 returned 1
call    9 returned 1
branch 10 taken 1 (fallthrough)
branch 11 taken 0 (throw)
        1:   63-block  2
call   12 returned 1
call   13 returned 1
branch 14 taken 1 (fallthrough)
branch 15 taken 0 (throw)
        1:   63-block  3
call   16 returned 1
call   17 returned 1
branch 18 taken 1 (fallthrough)
branch 19 taken 0 (throw)
        1:   63-block  4
call   20 returned 1
call   21 returned 1
branch 22 taken 1 (fallthrough)
branch 23 taken 0 (throw)
        5:   63-block  5
call   24 returned 5
        1:   63-block  6
call   25 returned 1
call   26 returned 1
call   27 returned 1
call   28 returned 1
call   29 returned 1
call   30 returned 1
    $$$$$:   63-block  7
    $$$$$:   63-block  8
call   31 never executed
    $$$$$:   63-block  9
    $$$$$:   63-block 10
    $$$$$:   63-block 11
    $$$$$:   63-block 12
    $$$$$:   63-block 13
    $$$$$:   63-block 14
    $$$$$:   63-block 15
    $$$$$:   63-block 16
    $$$$$:   63-block 17
    $$$$$:   63-block 18
    $$$$$:   63-block 19
    $$$$$:   63-block 20
call   32 never executed
        -:   64:
        -:   65:    eph_h th_esperado = {
        -:   66:            {960,  2017, 1, 1, 1, 0, 1, 4, 1, 2},
        -:   67:            {334,  2017, 1, 1, 2, 0, 1, 3, 1, 2},
        -:   68:            {9959, 2017, 3, 0, 2, 1, 42, 1, 1, 7}
        7:   69:    };
call    0 returned 1
call    1 returned 1
branch  2 taken 1 (fallthrough)
branch  3 taken 0 (throw)
        1:   69-block  0
call    4 returned 1
call    5 returned 1
branch  6 taken 1 (fallthrough)
branch  7 taken 0 (throw)
        1:   69-block  1
call    8 returned 1
call    9 returned 1
branch 10 taken 1 (fallthrough)
branch 11 taken 0 (throw)
        1:   69-block  2
call   12 returned 1
call   13 returned 1
branch 14 taken 1 (fallthrough)
branch 15 taken 0 (throw)
        3:   69-block  3
call   16 returned 3
        1:   69-block  4
call   17 returned 1
call   18 returned 1
call   19 returned 1
call   20 returned 1
    $$$$$:   69-block  5
    $$$$$:   69-block  6
call   21 never executed
    $$$$$:   69-block  7
    $$$$$:   69-block  8
    $$$$$:   69-block  9
    $$$$$:   69-block 10
    $$$$$:   69-block 11
    $$$$$:   69-block 12
    $$$$$:   69-block 13
    $$$$$:   69-block 14
call   22 never executed
        -:   70:
        -:   71:    eph_i ti_esperado = {
        -:   72:                                     //
        -:   73:            {960,  1, 2017, 1, 0, 2, 19, 0,  0, 0,     6},
        -:   74:            {960,  2, 2017, 1, 0, 2, 20, 1,  3, 7000,  1},
        -:   75:            {960,  3, 2017, 1, 1, 2, 51, 1,  4, 1280,  1},
        -:   76:            {334,  1, 2017, 1, 0, 1, 36, 1,  3, 16300, 1},
        -:   77:            {9959, 2017, 3, 0, 3, 1, 42, 1, 1, 7}
        9:   78:    };
call    0 returned 1
call    1 returned 1
branch  2 taken 1 (fallthrough)
branch  3 taken 0 (throw)
        1:   78-block  0
call    4 returned 1
call    5 returned 1
branch  6 taken 1 (fallthrough)
branch  7 taken 0 (throw)
        1:   78-block  1
call    8 returned 1
call    9 returned 1
branch 10 taken 1 (fallthrough)
branch 11 taken 0 (throw)
        1:   78-block  2
call   12 returned 1
call   13 returned 1
branch 14 taken 1 (fallthrough)
branch 15 taken 0 (throw)
        1:   78-block  3
call   16 returned 1
call   17 returned 1
branch 18 taken 1 (fallthrough)
branch 19 taken 0 (throw)
        1:   78-block  4
call   20 returned 1
call   21 returned 1
branch 22 taken 1 (fallthrough)
branch 23 taken 0 (throw)
        5:   78-block  5
call   24 returned 5
        1:   78-block  6
call   25 returned 1
call   26 returned 1
call   27 returned 1
call   28 returned 1
call   29 returned 1
call   30 returned 1
    $$$$$:   78-block  7
    $$$$$:   78-block  8
call   31 never executed
    $$$$$:   78-block  9
    $$$$$:   78-block 10
    $$$$$:   78-block 11
    $$$$$:   78-block 12
    $$$$$:   78-block 13
    $$$$$:   78-block 14
    $$$$$:   78-block 15
    $$$$$:   78-block 16
    $$$$$:   78-block 17
    $$$$$:   78-block 18
    $$$$$:   78-block 19
    $$$$$:   78-block 20
call   32 never executed
        -:   79:
        -:   80:
        1:   81:    ordenarRegionYCODUSU(th, ti);
call    0 returned 1
branch  1 taken 1 (fallthrough)
branch  2 taken 0 (throw)
       1*:   82:    EXPECT_EQ(th_esperado, th);
        1:   82-block  0
call    0 returned 1
branch  1 taken 1 (fallthrough)
branch  2 taken 0 (throw)
        1:   82-block  1
call    3 returned 1
branch  4 taken 0 (fallthrough)
branch  5 taken 1
    %%%%%:   82-block  2
call    6 never executed
branch  7 never executed
branch  8 never executed
    %%%%%:   82-block  3
call    9 never executed
branch 10 never executed
branch 11 never executed
    %%%%%:   82-block  4
call   12 never executed
branch 13 never executed
branch 14 never executed
    %%%%%:   82-block  5
call   15 never executed
branch 16 never executed
branch 17 never executed
    %%%%%:   82-block  6
call   18 never executed
call   19 never executed
        1:   82-block  7
call   20 returned 1
    $$$$$:   82-block  8
call   21 never executed
    $$$$$:   82-block  9
    $$$$$:   82-block 10
call   22 never executed
    $$$$$:   82-block 11
    $$$$$:   82-block 12
call   23 never executed
       1*:   83:    EXPECT_EQ(ti_esperado, ti);
call    0 returned 1
branch  1 taken 1 (fallthrough)
branch  2 taken 0 (throw)
        1:   83-block  0
call    3 returned 1
branch  4 taken 0 (fallthrough)
branch  5 taken 1
    %%%%%:   83-block  1
call    6 never executed
branch  7 never executed
branch  8 never executed
    %%%%%:   83-block  2
call    9 never executed
branch 10 never executed
branch 11 never executed
    %%%%%:   83-block  3
call   12 never executed
branch 13 never executed
branch 14 never executed
    %%%%%:   83-block  4
call   15 never executed
branch 16 never executed
branch 17 never executed
    %%%%%:   83-block  5
call   18 never executed
call   19 never executed
        1:   83-block  6
call   20 returned 1
    $$$$$:   83-block  7
call   21 never executed
    $$$$$:   83-block  8
    $$$$$:   83-block  9
call   22 never executed
    $$$$$:   83-block 10
    $$$$$:   83-block 11
call   23 never executed
        1:   84:};
------------------
_ZN46ordenarRegionYCODUSUTEST_todasLasRegiones_TestC1Ev:
function _ZN46ordenarRegionYCODUSUTEST_todasLasRegiones_TestC1Ev called 1 returned 100% blocks executed 100%
        1:   47:TEST(ordenarRegionYCODUSUTEST, todasLasRegiones){
        1:   47-block  0
call    0 returned 1
------------------
