        -:    0:Source:D:/Mi PC/Documents/UBA/AED1/TPI/test/quitarIndividuosTEST.cpp
        -:    0:Graph:D:\Mi PC\Documents\UBA\AED1\TPI\cmake-build-debug\CMakeFiles\tpi.dir\test\quitarIndividuosTEST.gcno
        -:    0:Data:D:\Mi PC\Documents\UBA\AED1\TPI\cmake-build-debug\CMakeFiles\tpi.dir\test\quitarIndividuosTEST.gcda
        -:    0:Runs:1
        -:    0:Programs:1
        -:    1:#include "../definiciones.h"
        -:    2:#include "../Funciones_TPI.h"
        -:    3:#include "../ejercicios.h"
        -:    4:#include "../auxiliares.h"
        -:    5:#include "gtest/gtest.h"
        -:    6:#include <iostream>
        -:    7:#include <string>
        -:    8:
        -:    9:using namespace std;
        -:   10:
        2:   11:TEST(quitarIndividuosTEST, SacaUnIndividuo) {
        -:   12:    eph_h th = {
        -:   13:        {22010,2020,3,319938,629513,1,41,0,1,4,3,2},
        -:   14:        {20101,2020,3,315773,625696,1,41,0,1,2,2,2},
        6:   15:    };
        -:   16:
        -:   17:    eph_i ti = {
        -:   18://                 componente         pp04g
        -:   19://                  v                    v
        -:   20:        {22010,2020,1,0,3,1,65,1,2,15000,8},
        -:   21:        {22010,2020,7,0,3,2,22,0,0,10000,10},
        -:   22:        {22010,2020,9,0,3,1,9,0,0,0,10},
        -:   23:        {22010,2020,10,0,3,2,9,0,0,0,10},
        -:   24:        {22010,2020,11,0,3,2,2,0,0,0,10},
        -:   25:        {22010,2020,12,0,3,2,17,0,0,0,10},
        -:   26:        {20101,2020,1,0,3,2,46,1,3,3900,0},
        -:   27:        {20101,2020,2,0,3,1,24,0,3,6000,10},
       12:   28:    };
        -:   29:
        -:   30:    vector<pair<int, dato>> busqueda = {
        -:   31:        {PP04G, 8},
        -:   32:        {COMPONENTE, 1}
        2:   33:    };
        -:   34:
        2:   35:    eph_h th0 = th;
        2:   36:    eph_i ti0 = ti;
        -:   37:
        2:   38:    pair<eph_h, eph_i> res = quitarIndividuos(ti, th, busqueda);
        -:   39:
        2:   40:    hogar h = {22010,2020,3,319938,629513,1,41,0,1,4,3,2};
        2:   41:    individuo ind = {22010,2020,1,0,3,1,65,1,2,15000,8};
        -:   42:
       1*:   43:    EXPECT_EQ(1, res.first.size());
       1*:   44:    EXPECT_EQ(1, res.second.size());
        -:   45:
       1*:   46:    EXPECT_EQ(h, res.first[0]);
       1*:   47:    EXPECT_EQ(ind, res.second[0]);
        -:   48:
       1*:   49:    EXPECT_EQ(th0, th);
        -:   50:
        1:   51:    ti.insert(ti.begin(), ind);
       1*:   52:    EXPECT_EQ(ti0, ti);
        1:   53:}
------------------
_ZN41quitarIndividuosTEST_SacaUnIndividuo_Test8TestBodyEv:
function _ZN41quitarIndividuosTEST_SacaUnIndividuo_Test8TestBodyEv called 1 returned 100% blocks executed 32%
        1:   11:TEST(quitarIndividuosTEST, SacaUnIndividuo) {
        -:   12:    eph_h th = {
        -:   13:        {22010,2020,3,319938,629513,1,41,0,1,4,3,2},
        -:   14:        {20101,2020,3,315773,625696,1,41,0,1,2,2,2},
        6:   15:    };
        1:   15-block  0
call    0 returned 1
call    1 returned 1
branch  2 taken 1 (fallthrough)
branch  3 taken 0 (throw)
        1:   15-block  1
call    4 returned 1
call    5 returned 1
branch  6 taken 1 (fallthrough)
branch  7 taken 0 (throw)
        1:   15-block  2
call    8 returned 1
call    9 returned 1
branch 10 taken 1 (fallthrough)
branch 11 taken 0 (throw)
        2:   15-block  3
call   12 returned 2
        1:   15-block  4
call   13 returned 1
call   14 returned 1
call   15 returned 1
    $$$$$:   15-block  5
    $$$$$:   15-block  6
call   16 never executed
    $$$$$:   15-block  7
    $$$$$:   15-block  8
    $$$$$:   15-block  9
    $$$$$:   15-block 10
    $$$$$:   15-block 11
    $$$$$:   15-block 12
call   17 never executed
        -:   16:
        -:   17:    eph_i ti = {
        -:   18://                 componente         pp04g
        -:   19://                  v                    v
        -:   20:        {22010,2020,1,0,3,1,65,1,2,15000,8},
        -:   21:        {22010,2020,7,0,3,2,22,0,0,10000,10},
        -:   22:        {22010,2020,9,0,3,1,9,0,0,0,10},
        -:   23:        {22010,2020,10,0,3,2,9,0,0,0,10},
        -:   24:        {22010,2020,11,0,3,2,2,0,0,0,10},
        -:   25:        {22010,2020,12,0,3,2,17,0,0,0,10},
        -:   26:        {20101,2020,1,0,3,2,46,1,3,3900,0},
        -:   27:        {20101,2020,2,0,3,1,24,0,3,6000,10},
       12:   28:    };
call    0 returned 1
call    1 returned 1
branch  2 taken 1 (fallthrough)
branch  3 taken 0 (throw)
        1:   28-block  0
call    4 returned 1
call    5 returned 1
branch  6 taken 1 (fallthrough)
branch  7 taken 0 (throw)
        1:   28-block  1
call    8 returned 1
call    9 returned 1
branch 10 taken 1 (fallthrough)
branch 11 taken 0 (throw)
        1:   28-block  2
call   12 returned 1
call   13 returned 1
branch 14 taken 1 (fallthrough)
branch 15 taken 0 (throw)
        1:   28-block  3
call   16 returned 1
call   17 returned 1
branch 18 taken 1 (fallthrough)
branch 19 taken 0 (throw)
        1:   28-block  4
call   20 returned 1
call   21 returned 1
branch 22 taken 1 (fallthrough)
branch 23 taken 0 (throw)
        1:   28-block  5
call   24 returned 1
call   25 returned 1
branch 26 taken 1 (fallthrough)
branch 27 taken 0 (throw)
        1:   28-block  6
call   28 returned 1
call   29 returned 1
branch 30 taken 1 (fallthrough)
branch 31 taken 0 (throw)
        1:   28-block  7
call   32 returned 1
call   33 returned 1
branch 34 taken 1 (fallthrough)
branch 35 taken 0 (throw)
        8:   28-block  8
call   36 returned 8
        1:   28-block  9
call   37 returned 1
call   38 returned 1
call   39 returned 1
call   40 returned 1
call   41 returned 1
call   42 returned 1
call   43 returned 1
call   44 returned 1
call   45 returned 1
    $$$$$:   28-block 10
    $$$$$:   28-block 11
call   46 never executed
    $$$$$:   28-block 12
    $$$$$:   28-block 13
    $$$$$:   28-block 14
    $$$$$:   28-block 15
    $$$$$:   28-block 16
    $$$$$:   28-block 17
    $$$$$:   28-block 18
    $$$$$:   28-block 19
    $$$$$:   28-block 20
    $$$$$:   28-block 21
    $$$$$:   28-block 22
    $$$$$:   28-block 23
    $$$$$:   28-block 24
    $$$$$:   28-block 25
    $$$$$:   28-block 26
    $$$$$:   28-block 27
    $$$$$:   28-block 28
    $$$$$:   28-block 29
call   47 never executed
        -:   29:
        -:   30:    vector<pair<int, dato>> busqueda = {
        -:   31:        {PP04G, 8},
        -:   32:        {COMPONENTE, 1}
        2:   33:    };
call    0 returned 1
call    1 returned 1
branch  2 taken 1 (fallthrough)
branch  3 taken 0 (throw)
call    4 returned 1
    $$$$$:   33-block  0
    $$$$$:   33-block  1
    $$$$$:   33-block  2
call    5 never executed
        -:   34:
        2:   35:    eph_h th0 = th;
call    0 returned 1
branch  1 taken 1 (fallthrough)
branch  2 taken 0 (throw)
call    3 returned 1
    $$$$$:   35-block  0
call    4 never executed
        2:   36:    eph_i ti0 = ti;
        1:   36-block  0
call    0 returned 1
branch  1 taken 1 (fallthrough)
branch  2 taken 0 (throw)
call    3 returned 1
    $$$$$:   36-block  1
call    4 never executed
        -:   37:
        2:   38:    pair<eph_h, eph_i> res = quitarIndividuos(ti, th, busqueda);
        1:   38-block  0
call    0 returned 1
branch  1 taken 1 (fallthrough)
branch  2 taken 0 (throw)
        1:   38-block  1
call    3 returned 1
branch  4 taken 1 (fallthrough)
branch  5 taken 0 (throw)
call    6 returned 1
    $$$$$:   38-block  2
    $$$$$:   38-block  3
call    7 never executed
        -:   39:
        2:   40:    hogar h = {22010,2020,3,319938,629513,1,41,0,1,4,3,2};
call    0 returned 1
call    1 returned 1
branch  2 taken 1 (fallthrough)
branch  3 taken 0 (throw)
call    4 returned 1
    $$$$$:   40-block  0
    $$$$$:   40-block  1
    $$$$$:   40-block  2
call    5 never executed
        2:   41:    individuo ind = {22010,2020,1,0,3,1,65,1,2,15000,8};
call    0 returned 1
call    1 returned 1
branch  2 taken 1 (fallthrough)
branch  3 taken 0 (throw)
call    4 returned 1
    $$$$$:   41-block  0
    $$$$$:   41-block  1
    $$$$$:   41-block  2
call    5 never executed
        -:   42:
       1*:   43:    EXPECT_EQ(1, res.first.size());
call    0 returned 1
call    1 returned 1
branch  2 taken 1 (fallthrough)
branch  3 taken 0 (throw)
        1:   43-block  0
call    4 returned 1
branch  5 taken 0 (fallthrough)
branch  6 taken 1
    %%%%%:   43-block  1
call    7 never executed
branch  8 never executed
branch  9 never executed
    %%%%%:   43-block  2
call   10 never executed
branch 11 never executed
branch 12 never executed
    %%%%%:   43-block  3
call   13 never executed
branch 14 never executed
branch 15 never executed
    %%%%%:   43-block  4
call   16 never executed
branch 17 never executed
branch 18 never executed
    %%%%%:   43-block  5
call   19 never executed
call   20 never executed
        1:   43-block  6
call   21 returned 1
    $$$$$:   43-block  7
    $$$$$:   43-block  8
    $$$$$:   43-block  9
call   22 never executed
    $$$$$:   43-block 10
    $$$$$:   43-block 11
call   23 never executed
    $$$$$:   43-block 12
    $$$$$:   43-block 13
call   24 never executed
       1*:   44:    EXPECT_EQ(1, res.second.size());
call    0 returned 1
call    1 returned 1
branch  2 taken 1 (fallthrough)
branch  3 taken 0 (throw)
        1:   44-block  0
call    4 returned 1
branch  5 taken 0 (fallthrough)
branch  6 taken 1
    %%%%%:   44-block  1
call    7 never executed
branch  8 never executed
branch  9 never executed
    %%%%%:   44-block  2
call   10 never executed
branch 11 never executed
branch 12 never executed
    %%%%%:   44-block  3
call   13 never executed
branch 14 never executed
branch 15 never executed
    %%%%%:   44-block  4
call   16 never executed
branch 17 never executed
branch 18 never executed
    %%%%%:   44-block  5
call   19 never executed
call   20 never executed
        1:   44-block  6
call   21 returned 1
    $$$$$:   44-block  7
    $$$$$:   44-block  8
    $$$$$:   44-block  9
call   22 never executed
    $$$$$:   44-block 10
    $$$$$:   44-block 11
call   23 never executed
    $$$$$:   44-block 12
    $$$$$:   44-block 13
call   24 never executed
        -:   45:
       1*:   46:    EXPECT_EQ(h, res.first[0]);
call    0 returned 1
call    1 returned 1
branch  2 taken 1 (fallthrough)
branch  3 taken 0 (throw)
        1:   46-block  0
call    4 returned 1
branch  5 taken 0 (fallthrough)
branch  6 taken 1
    %%%%%:   46-block  1
call    7 never executed
branch  8 never executed
branch  9 never executed
    %%%%%:   46-block  2
call   10 never executed
branch 11 never executed
branch 12 never executed
    %%%%%:   46-block  3
call   13 never executed
branch 14 never executed
branch 15 never executed
    %%%%%:   46-block  4
call   16 never executed
branch 17 never executed
branch 18 never executed
    %%%%%:   46-block  5
call   19 never executed
call   20 never executed
        1:   46-block  6
call   21 returned 1
    $$$$$:   46-block  7
call   22 never executed
    $$$$$:   46-block  8
    $$$$$:   46-block  9
call   23 never executed
    $$$$$:   46-block 10
    $$$$$:   46-block 11
call   24 never executed
       1*:   47:    EXPECT_EQ(ind, res.second[0]);
call    0 returned 1
call    1 returned 1
branch  2 taken 1 (fallthrough)
branch  3 taken 0 (throw)
        1:   47-block  0
call    4 returned 1
branch  5 taken 0 (fallthrough)
branch  6 taken 1
    %%%%%:   47-block  1
call    7 never executed
branch  8 never executed
branch  9 never executed
    %%%%%:   47-block  2
call   10 never executed
branch 11 never executed
branch 12 never executed
    %%%%%:   47-block  3
call   13 never executed
branch 14 never executed
branch 15 never executed
    %%%%%:   47-block  4
call   16 never executed
branch 17 never executed
branch 18 never executed
    %%%%%:   47-block  5
call   19 never executed
call   20 never executed
        1:   47-block  6
call   21 returned 1
    $$$$$:   47-block  7
call   22 never executed
    $$$$$:   47-block  8
    $$$$$:   47-block  9
call   23 never executed
    $$$$$:   47-block 10
    $$$$$:   47-block 11
call   24 never executed
        -:   48:
       1*:   49:    EXPECT_EQ(th0, th);
call    0 returned 1
branch  1 taken 1 (fallthrough)
branch  2 taken 0 (throw)
        1:   49-block  0
call    3 returned 1
branch  4 taken 0 (fallthrough)
branch  5 taken 1
    %%%%%:   49-block  1
call    6 never executed
branch  7 never executed
branch  8 never executed
    %%%%%:   49-block  2
call    9 never executed
branch 10 never executed
branch 11 never executed
    %%%%%:   49-block  3
call   12 never executed
branch 13 never executed
branch 14 never executed
    %%%%%:   49-block  4
call   15 never executed
branch 16 never executed
branch 17 never executed
    %%%%%:   49-block  5
call   18 never executed
call   19 never executed
        1:   49-block  6
call   20 returned 1
    $$$$$:   49-block  7
call   21 never executed
    $$$$$:   49-block  8
    $$$$$:   49-block  9
call   22 never executed
    $$$$$:   49-block 10
    $$$$$:   49-block 11
call   23 never executed
        -:   50:
        1:   51:    ti.insert(ti.begin(), ind);
call    0 returned 1
call    1 returned 1
call    2 returned 1
branch  3 taken 1 (fallthrough)
branch  4 taken 0 (throw)
    $$$$$:   51-block  0
    $$$$$:   51-block  1
       1*:   52:    EXPECT_EQ(ti0, ti);
        1:   52-block  0
call    0 returned 1
branch  1 taken 1 (fallthrough)
branch  2 taken 0 (throw)
        1:   52-block  1
call    3 returned 1
branch  4 taken 0 (fallthrough)
branch  5 taken 1
    %%%%%:   52-block  2
call    6 never executed
branch  7 never executed
branch  8 never executed
    %%%%%:   52-block  3
call    9 never executed
branch 10 never executed
branch 11 never executed
    %%%%%:   52-block  4
call   12 never executed
branch 13 never executed
branch 14 never executed
    %%%%%:   52-block  5
call   15 never executed
branch 16 never executed
branch 17 never executed
    %%%%%:   52-block  6
call   18 never executed
call   19 never executed
        1:   52-block  7
call   20 returned 1
    $$$$$:   52-block  8
call   21 never executed
    $$$$$:   52-block  9
    $$$$$:   52-block 10
call   22 never executed
    $$$$$:   52-block 11
    $$$$$:   52-block 12
call   23 never executed
        1:   53:}
------------------
_ZN41quitarIndividuosTEST_SacaUnIndividuo_TestC1Ev:
function _ZN41quitarIndividuosTEST_SacaUnIndividuo_TestC1Ev called 1 returned 100% blocks executed 100%
        1:   11:TEST(quitarIndividuosTEST, SacaUnIndividuo) {
        1:   11-block  0
call    0 returned 1
------------------
        -:   54:
        2:   55:TEST(quitarIndividuosTEST, SacaTodosIndividuos) {
        -:   56:    eph_h th = {
        -:   57:        {22010,2020,3,319938,629513,1,41,0,1,4,3,2},
        -:   58:        {20101,2020,3,315773,625696,1,41,0,1,2,2,2},
        6:   59:    };
        -:   60:
        -:   61:    eph_i ti = {
        -:   62:        {22010,2020,1,0,3,1,65,1,2,15000,8},
        -:   63:        {22010,2020,7,0,3,2,22,0,0,10000,10},
        -:   64:        {22010,2020,9,0,3,1,9,0,0,0,10},
        -:   65:        {22010,2020,10,0,3,2,9,0,0,0,10},
        -:   66:        {22010,2020,11,0,3,2,2,0,0,0,10},
        -:   67:        {22010,2020,12,0,3,2,17,0,0,0,10},
        -:   68:        {20101,2020,1,0,3,2,46,1,3,3900,0},
        -:   69:        {20101,2020,2,0,3,1,24,0,3,6000,10},
       12:   70:    };
        -:   71:
        -:   72:    vector<pair<int, dato>> busqueda = {
        -:   73:        {INDCODUSU, 22010}
        2:   74:    };
        -:   75:
        2:   76:    pair<eph_h, eph_i> res = quitarIndividuos(ti, th, busqueda);
        -:   77:
       1*:   78:    EXPECT_EQ(1, res.first.size());
       1*:   79:    EXPECT_EQ(6, res.second.size());
        -:   80:
       1*:   81:    EXPECT_EQ(1, th.size());
       1*:   82:    EXPECT_EQ(2, ti.size());
        1:   83:}
------------------
_ZN45quitarIndividuosTEST_SacaTodosIndividuos_Test8TestBodyEv:
function _ZN45quitarIndividuosTEST_SacaTodosIndividuos_Test8TestBodyEv called 1 returned 100% blocks executed 31%
        1:   55:TEST(quitarIndividuosTEST, SacaTodosIndividuos) {
        -:   56:    eph_h th = {
        -:   57:        {22010,2020,3,319938,629513,1,41,0,1,4,3,2},
        -:   58:        {20101,2020,3,315773,625696,1,41,0,1,2,2,2},
        6:   59:    };
        1:   59-block  0
call    0 returned 1
call    1 returned 1
branch  2 taken 1 (fallthrough)
branch  3 taken 0 (throw)
        1:   59-block  1
call    4 returned 1
call    5 returned 1
branch  6 taken 1 (fallthrough)
branch  7 taken 0 (throw)
        1:   59-block  2
call    8 returned 1
call    9 returned 1
branch 10 taken 1 (fallthrough)
branch 11 taken 0 (throw)
        2:   59-block  3
call   12 returned 2
        1:   59-block  4
call   13 returned 1
call   14 returned 1
call   15 returned 1
    $$$$$:   59-block  5
    $$$$$:   59-block  6
call   16 never executed
    $$$$$:   59-block  7
    $$$$$:   59-block  8
    $$$$$:   59-block  9
    $$$$$:   59-block 10
    $$$$$:   59-block 11
    $$$$$:   59-block 12
call   17 never executed
        -:   60:
        -:   61:    eph_i ti = {
        -:   62:        {22010,2020,1,0,3,1,65,1,2,15000,8},
        -:   63:        {22010,2020,7,0,3,2,22,0,0,10000,10},
        -:   64:        {22010,2020,9,0,3,1,9,0,0,0,10},
        -:   65:        {22010,2020,10,0,3,2,9,0,0,0,10},
        -:   66:        {22010,2020,11,0,3,2,2,0,0,0,10},
        -:   67:        {22010,2020,12,0,3,2,17,0,0,0,10},
        -:   68:        {20101,2020,1,0,3,2,46,1,3,3900,0},
        -:   69:        {20101,2020,2,0,3,1,24,0,3,6000,10},
       12:   70:    };
call    0 returned 1
call    1 returned 1
branch  2 taken 1 (fallthrough)
branch  3 taken 0 (throw)
        1:   70-block  0
call    4 returned 1
call    5 returned 1
branch  6 taken 1 (fallthrough)
branch  7 taken 0 (throw)
        1:   70-block  1
call    8 returned 1
call    9 returned 1
branch 10 taken 1 (fallthrough)
branch 11 taken 0 (throw)
        1:   70-block  2
call   12 returned 1
call   13 returned 1
branch 14 taken 1 (fallthrough)
branch 15 taken 0 (throw)
        1:   70-block  3
call   16 returned 1
call   17 returned 1
branch 18 taken 1 (fallthrough)
branch 19 taken 0 (throw)
        1:   70-block  4
call   20 returned 1
call   21 returned 1
branch 22 taken 1 (fallthrough)
branch 23 taken 0 (throw)
        1:   70-block  5
call   24 returned 1
call   25 returned 1
branch 26 taken 1 (fallthrough)
branch 27 taken 0 (throw)
        1:   70-block  6
call   28 returned 1
call   29 returned 1
branch 30 taken 1 (fallthrough)
branch 31 taken 0 (throw)
        1:   70-block  7
call   32 returned 1
call   33 returned 1
branch 34 taken 1 (fallthrough)
branch 35 taken 0 (throw)
        8:   70-block  8
call   36 returned 8
        1:   70-block  9
call   37 returned 1
call   38 returned 1
call   39 returned 1
call   40 returned 1
call   41 returned 1
call   42 returned 1
call   43 returned 1
call   44 returned 1
call   45 returned 1
    $$$$$:   70-block 10
    $$$$$:   70-block 11
call   46 never executed
    $$$$$:   70-block 12
    $$$$$:   70-block 13
    $$$$$:   70-block 14
    $$$$$:   70-block 15
    $$$$$:   70-block 16
    $$$$$:   70-block 17
    $$$$$:   70-block 18
    $$$$$:   70-block 19
    $$$$$:   70-block 20
    $$$$$:   70-block 21
    $$$$$:   70-block 22
    $$$$$:   70-block 23
    $$$$$:   70-block 24
    $$$$$:   70-block 25
    $$$$$:   70-block 26
    $$$$$:   70-block 27
    $$$$$:   70-block 28
    $$$$$:   70-block 29
call   47 never executed
        -:   71:
        -:   72:    vector<pair<int, dato>> busqueda = {
        -:   73:        {INDCODUSU, 22010}
        2:   74:    };
call    0 returned 1
call    1 returned 1
branch  2 taken 1 (fallthrough)
branch  3 taken 0 (throw)
call    4 returned 1
    $$$$$:   74-block  0
    $$$$$:   74-block  1
    $$$$$:   74-block  2
call    5 never executed
        -:   75:
        2:   76:    pair<eph_h, eph_i> res = quitarIndividuos(ti, th, busqueda);
call    0 returned 1
branch  1 taken 1 (fallthrough)
branch  2 taken 0 (throw)
        1:   76-block  0
call    3 returned 1
branch  4 taken 1 (fallthrough)
branch  5 taken 0 (throw)
call    6 returned 1
    $$$$$:   76-block  1
    $$$$$:   76-block  2
call    7 never executed
        -:   77:
       1*:   78:    EXPECT_EQ(1, res.first.size());
call    0 returned 1
call    1 returned 1
branch  2 taken 1 (fallthrough)
branch  3 taken 0 (throw)
        1:   78-block  0
call    4 returned 1
branch  5 taken 0 (fallthrough)
branch  6 taken 1
    %%%%%:   78-block  1
call    7 never executed
branch  8 never executed
branch  9 never executed
    %%%%%:   78-block  2
call   10 never executed
branch 11 never executed
branch 12 never executed
    %%%%%:   78-block  3
call   13 never executed
branch 14 never executed
branch 15 never executed
    %%%%%:   78-block  4
call   16 never executed
branch 17 never executed
branch 18 never executed
    %%%%%:   78-block  5
call   19 never executed
call   20 never executed
        1:   78-block  6
call   21 returned 1
    $$$$$:   78-block  7
    $$$$$:   78-block  8
    $$$$$:   78-block  9
call   22 never executed
    $$$$$:   78-block 10
    $$$$$:   78-block 11
call   23 never executed
    $$$$$:   78-block 12
    $$$$$:   78-block 13
call   24 never executed
       1*:   79:    EXPECT_EQ(6, res.second.size());
call    0 returned 1
call    1 returned 1
branch  2 taken 1 (fallthrough)
branch  3 taken 0 (throw)
        1:   79-block  0
call    4 returned 1
branch  5 taken 0 (fallthrough)
branch  6 taken 1
    %%%%%:   79-block  1
call    7 never executed
branch  8 never executed
branch  9 never executed
    %%%%%:   79-block  2
call   10 never executed
branch 11 never executed
branch 12 never executed
    %%%%%:   79-block  3
call   13 never executed
branch 14 never executed
branch 15 never executed
    %%%%%:   79-block  4
call   16 never executed
branch 17 never executed
branch 18 never executed
    %%%%%:   79-block  5
call   19 never executed
call   20 never executed
        1:   79-block  6
call   21 returned 1
    $$$$$:   79-block  7
    $$$$$:   79-block  8
    $$$$$:   79-block  9
call   22 never executed
    $$$$$:   79-block 10
    $$$$$:   79-block 11
call   23 never executed
    $$$$$:   79-block 12
    $$$$$:   79-block 13
call   24 never executed
        -:   80:
       1*:   81:    EXPECT_EQ(1, th.size());
call    0 returned 1
call    1 returned 1
branch  2 taken 1 (fallthrough)
branch  3 taken 0 (throw)
        1:   81-block  0
call    4 returned 1
branch  5 taken 0 (fallthrough)
branch  6 taken 1
    %%%%%:   81-block  1
call    7 never executed
branch  8 never executed
branch  9 never executed
    %%%%%:   81-block  2
call   10 never executed
branch 11 never executed
branch 12 never executed
    %%%%%:   81-block  3
call   13 never executed
branch 14 never executed
branch 15 never executed
    %%%%%:   81-block  4
call   16 never executed
branch 17 never executed
branch 18 never executed
    %%%%%:   81-block  5
call   19 never executed
call   20 never executed
        1:   81-block  6
call   21 returned 1
    $$$$$:   81-block  7
    $$$$$:   81-block  8
    $$$$$:   81-block  9
call   22 never executed
    $$$$$:   81-block 10
    $$$$$:   81-block 11
call   23 never executed
    $$$$$:   81-block 12
    $$$$$:   81-block 13
call   24 never executed
       1*:   82:    EXPECT_EQ(2, ti.size());
call    0 returned 1
call    1 returned 1
branch  2 taken 1 (fallthrough)
branch  3 taken 0 (throw)
        1:   82-block  0
call    4 returned 1
branch  5 taken 0 (fallthrough)
branch  6 taken 1
    %%%%%:   82-block  1
call    7 never executed
branch  8 never executed
branch  9 never executed
    %%%%%:   82-block  2
call   10 never executed
branch 11 never executed
branch 12 never executed
    %%%%%:   82-block  3
call   13 never executed
branch 14 never executed
branch 15 never executed
    %%%%%:   82-block  4
call   16 never executed
branch 17 never executed
branch 18 never executed
    %%%%%:   82-block  5
call   19 never executed
call   20 never executed
        1:   82-block  6
call   21 returned 1
    $$$$$:   82-block  7
    $$$$$:   82-block  8
    $$$$$:   82-block  9
call   22 never executed
    $$$$$:   82-block 10
    $$$$$:   82-block 11
call   23 never executed
    $$$$$:   82-block 12
    $$$$$:   82-block 13
call   24 never executed
        1:   83:}
------------------
_ZN45quitarIndividuosTEST_SacaTodosIndividuos_TestC1Ev:
function _ZN45quitarIndividuosTEST_SacaTodosIndividuos_TestC1Ev called 1 returned 100% blocks executed 100%
        1:   55:TEST(quitarIndividuosTEST, SacaTodosIndividuos) {
        1:   55-block  0
call    0 returned 1
------------------
        -:   84:
        2:   85:TEST(quitarIndividuosTEST, SacaTodosIndividuosYReordenaHogares) {
        -:   86:    eph_h th = {
        -:   87:            {22010,2020,3,319938,629513,1,41,0,1,4,3,2},
        -:   88:            {20101,2020,3,315773,625696,1,41,0,1,2,2,2},
        -:   89:            {90101,2020,3,315773,625696,1,41,0,1,2,2,2}//nuevo
        7:   90:    };
        -:   91:
        -:   92:    eph_i ti = {
        -:   93:            {22010,2020,1,0,3,1,65,1,2,15000,8},
        -:   94:            {22010,2020,7,0,3,2,22,0,0,10000,10},
        -:   95:            {22010,2020,9,0,3,1,9,0,0,0,10},
        -:   96:            {22010,2020,10,0,3,2,9,0,0,0,10},
        -:   97:            {22010,2020,11,0,3,2,2,0,0,0,10},
        -:   98:            {22010,2020,12,0,3,2,17,0,0,0,10},
        -:   99:            {20101,2020,1,0,3,2,46,1,3,3900,0},
        -:  100:            {20101,2020,2,0,3,1,24,0,3,6000,10},
        -:  101:            {90101,2020,2,0,3,1,24,0,3,6000,10}//nuevo
       13:  102:    };
        -:  103:
        -:  104:    vector<pair<int, dato>> busqueda = {
        -:  105:            {INDCODUSU, 22010}
        2:  106:    };
        -:  107:
        2:  108:    pair<eph_h, eph_i> res = quitarIndividuos(ti, th, busqueda);
        -:  109:
       1*:  110:    EXPECT_EQ(1, res.first.size());
       1*:  111:    EXPECT_EQ(6, res.second.size());
        -:  112:
       1*:  113:    EXPECT_EQ(2, th.size());
       1*:  114:    EXPECT_EQ(3, ti.size());
        1:  115:}
------------------
_ZN61quitarIndividuosTEST_SacaTodosIndividuosYReordenaHogares_Test8TestBodyEv:
function _ZN61quitarIndividuosTEST_SacaTodosIndividuosYReordenaHogares_Test8TestBodyEv called 1 returned 100% blocks executed 32%
        1:   85:TEST(quitarIndividuosTEST, SacaTodosIndividuosYReordenaHogares) {
        -:   86:    eph_h th = {
        -:   87:            {22010,2020,3,319938,629513,1,41,0,1,4,3,2},
        -:   88:            {20101,2020,3,315773,625696,1,41,0,1,2,2,2},
        -:   89:            {90101,2020,3,315773,625696,1,41,0,1,2,2,2}//nuevo
        7:   90:    };
        1:   90-block  0
call    0 returned 1
call    1 returned 1
branch  2 taken 1 (fallthrough)
branch  3 taken 0 (throw)
        1:   90-block  1
call    4 returned 1
call    5 returned 1
branch  6 taken 1 (fallthrough)
branch  7 taken 0 (throw)
        1:   90-block  2
call    8 returned 1
call    9 returned 1
branch 10 taken 1 (fallthrough)
branch 11 taken 0 (throw)
        1:   90-block  3
call   12 returned 1
call   13 returned 1
branch 14 taken 1 (fallthrough)
branch 15 taken 0 (throw)
        3:   90-block  4
call   16 returned 3
        1:   90-block  5
call   17 returned 1
call   18 returned 1
call   19 returned 1
call   20 returned 1
    $$$$$:   90-block  6
    $$$$$:   90-block  7
call   21 never executed
    $$$$$:   90-block  8
    $$$$$:   90-block  9
    $$$$$:   90-block 10
    $$$$$:   90-block 11
    $$$$$:   90-block 12
    $$$$$:   90-block 13
    $$$$$:   90-block 14
    $$$$$:   90-block 15
call   22 never executed
        -:   91:
        -:   92:    eph_i ti = {
        -:   93:            {22010,2020,1,0,3,1,65,1,2,15000,8},
        -:   94:            {22010,2020,7,0,3,2,22,0,0,10000,10},
        -:   95:            {22010,2020,9,0,3,1,9,0,0,0,10},
        -:   96:            {22010,2020,10,0,3,2,9,0,0,0,10},
        -:   97:            {22010,2020,11,0,3,2,2,0,0,0,10},
        -:   98:            {22010,2020,12,0,3,2,17,0,0,0,10},
        -:   99:            {20101,2020,1,0,3,2,46,1,3,3900,0},
        -:  100:            {20101,2020,2,0,3,1,24,0,3,6000,10},
        -:  101:            {90101,2020,2,0,3,1,24,0,3,6000,10}//nuevo
       13:  102:    };
call    0 returned 1
call    1 returned 1
branch  2 taken 1 (fallthrough)
branch  3 taken 0 (throw)
        1:  102-block  0
call    4 returned 1
call    5 returned 1
branch  6 taken 1 (fallthrough)
branch  7 taken 0 (throw)
        1:  102-block  1
call    8 returned 1
call    9 returned 1
branch 10 taken 1 (fallthrough)
branch 11 taken 0 (throw)
        1:  102-block  2
call   12 returned 1
call   13 returned 1
branch 14 taken 1 (fallthrough)
branch 15 taken 0 (throw)
        1:  102-block  3
call   16 returned 1
call   17 returned 1
branch 18 taken 1 (fallthrough)
branch 19 taken 0 (throw)
        1:  102-block  4
call   20 returned 1
call   21 returned 1
branch 22 taken 1 (fallthrough)
branch 23 taken 0 (throw)
        1:  102-block  5
call   24 returned 1
call   25 returned 1
branch 26 taken 1 (fallthrough)
branch 27 taken 0 (throw)
        1:  102-block  6
call   28 returned 1
call   29 returned 1
branch 30 taken 1 (fallthrough)
branch 31 taken 0 (throw)
        1:  102-block  7
call   32 returned 1
call   33 returned 1
branch 34 taken 1 (fallthrough)
branch 35 taken 0 (throw)
        1:  102-block  8
call   36 returned 1
call   37 returned 1
branch 38 taken 1 (fallthrough)
branch 39 taken 0 (throw)
        9:  102-block  9
call   40 returned 9
        1:  102-block 10
call   41 returned 1
call   42 returned 1
call   43 returned 1
call   44 returned 1
call   45 returned 1
call   46 returned 1
call   47 returned 1
call   48 returned 1
call   49 returned 1
call   50 returned 1
    $$$$$:  102-block 11
    $$$$$:  102-block 12
call   51 never executed
    $$$$$:  102-block 13
    $$$$$:  102-block 14
    $$$$$:  102-block 15
    $$$$$:  102-block 16
    $$$$$:  102-block 17
    $$$$$:  102-block 18
    $$$$$:  102-block 19
    $$$$$:  102-block 20
    $$$$$:  102-block 21
    $$$$$:  102-block 22
    $$$$$:  102-block 23
    $$$$$:  102-block 24
    $$$$$:  102-block 25
    $$$$$:  102-block 26
    $$$$$:  102-block 27
    $$$$$:  102-block 28
    $$$$$:  102-block 29
    $$$$$:  102-block 30
    $$$$$:  102-block 31
    $$$$$:  102-block 32
call   52 never executed
        -:  103:
        -:  104:    vector<pair<int, dato>> busqueda = {
        -:  105:            {INDCODUSU, 22010}
        2:  106:    };
call    0 returned 1
call    1 returned 1
branch  2 taken 1 (fallthrough)
branch  3 taken 0 (throw)
call    4 returned 1
    $$$$$:  106-block  0
    $$$$$:  106-block  1
    $$$$$:  106-block  2
call    5 never executed
        -:  107:
        2:  108:    pair<eph_h, eph_i> res = quitarIndividuos(ti, th, busqueda);
call    0 returned 1
branch  1 taken 1 (fallthrough)
branch  2 taken 0 (throw)
        1:  108-block  0
call    3 returned 1
branch  4 taken 1 (fallthrough)
branch  5 taken 0 (throw)
call    6 returned 1
    $$$$$:  108-block  1
    $$$$$:  108-block  2
call    7 never executed
        -:  109:
       1*:  110:    EXPECT_EQ(1, res.first.size());
call    0 returned 1
call    1 returned 1
branch  2 taken 1 (fallthrough)
branch  3 taken 0 (throw)
        1:  110-block  0
call    4 returned 1
branch  5 taken 0 (fallthrough)
branch  6 taken 1
    %%%%%:  110-block  1
call    7 never executed
branch  8 never executed
branch  9 never executed
    %%%%%:  110-block  2
call   10 never executed
branch 11 never executed
branch 12 never executed
    %%%%%:  110-block  3
call   13 never executed
branch 14 never executed
branch 15 never executed
    %%%%%:  110-block  4
call   16 never executed
branch 17 never executed
branch 18 never executed
    %%%%%:  110-block  5
call   19 never executed
call   20 never executed
        1:  110-block  6
call   21 returned 1
    $$$$$:  110-block  7
    $$$$$:  110-block  8
    $$$$$:  110-block  9
call   22 never executed
    $$$$$:  110-block 10
    $$$$$:  110-block 11
call   23 never executed
    $$$$$:  110-block 12
    $$$$$:  110-block 13
call   24 never executed
       1*:  111:    EXPECT_EQ(6, res.second.size());
call    0 returned 1
call    1 returned 1
branch  2 taken 1 (fallthrough)
branch  3 taken 0 (throw)
        1:  111-block  0
call    4 returned 1
branch  5 taken 0 (fallthrough)
branch  6 taken 1
    %%%%%:  111-block  1
call    7 never executed
branch  8 never executed
branch  9 never executed
    %%%%%:  111-block  2
call   10 never executed
branch 11 never executed
branch 12 never executed
    %%%%%:  111-block  3
call   13 never executed
branch 14 never executed
branch 15 never executed
    %%%%%:  111-block  4
call   16 never executed
branch 17 never executed
branch 18 never executed
    %%%%%:  111-block  5
call   19 never executed
call   20 never executed
        1:  111-block  6
call   21 returned 1
    $$$$$:  111-block  7
    $$$$$:  111-block  8
    $$$$$:  111-block  9
call   22 never executed
    $$$$$:  111-block 10
    $$$$$:  111-block 11
call   23 never executed
    $$$$$:  111-block 12
    $$$$$:  111-block 13
call   24 never executed
        -:  112:
       1*:  113:    EXPECT_EQ(2, th.size());
call    0 returned 1
call    1 returned 1
branch  2 taken 1 (fallthrough)
branch  3 taken 0 (throw)
        1:  113-block  0
call    4 returned 1
branch  5 taken 0 (fallthrough)
branch  6 taken 1
    %%%%%:  113-block  1
call    7 never executed
branch  8 never executed
branch  9 never executed
    %%%%%:  113-block  2
call   10 never executed
branch 11 never executed
branch 12 never executed
    %%%%%:  113-block  3
call   13 never executed
branch 14 never executed
branch 15 never executed
    %%%%%:  113-block  4
call   16 never executed
branch 17 never executed
branch 18 never executed
    %%%%%:  113-block  5
call   19 never executed
call   20 never executed
        1:  113-block  6
call   21 returned 1
    $$$$$:  113-block  7
    $$$$$:  113-block  8
    $$$$$:  113-block  9
call   22 never executed
    $$$$$:  113-block 10
    $$$$$:  113-block 11
call   23 never executed
    $$$$$:  113-block 12
    $$$$$:  113-block 13
call   24 never executed
       1*:  114:    EXPECT_EQ(3, ti.size());
call    0 returned 1
call    1 returned 1
branch  2 taken 1 (fallthrough)
branch  3 taken 0 (throw)
        1:  114-block  0
call    4 returned 1
branch  5 taken 0 (fallthrough)
branch  6 taken 1
    %%%%%:  114-block  1
call    7 never executed
branch  8 never executed
branch  9 never executed
    %%%%%:  114-block  2
call   10 never executed
branch 11 never executed
branch 12 never executed
    %%%%%:  114-block  3
call   13 never executed
branch 14 never executed
branch 15 never executed
    %%%%%:  114-block  4
call   16 never executed
branch 17 never executed
branch 18 never executed
    %%%%%:  114-block  5
call   19 never executed
call   20 never executed
        1:  114-block  6
call   21 returned 1
    $$$$$:  114-block  7
    $$$$$:  114-block  8
    $$$$$:  114-block  9
call   22 never executed
    $$$$$:  114-block 10
    $$$$$:  114-block 11
call   23 never executed
    $$$$$:  114-block 12
    $$$$$:  114-block 13
call   24 never executed
        1:  115:}
------------------
_ZN61quitarIndividuosTEST_SacaTodosIndividuosYReordenaHogares_TestC1Ev:
function _ZN61quitarIndividuosTEST_SacaTodosIndividuosYReordenaHogares_TestC1Ev called 1 returned 100% blocks executed 100%
        1:   85:TEST(quitarIndividuosTEST, SacaTodosIndividuosYReordenaHogares) {
        1:   85-block  0
call    0 returned 1
------------------
